{"/home/runner/work/CRF.xl/CRF.xl/src/taskpane/core/parser/template-generator.ts": {"path":"/home/runner/work/CRF.xl/CRF.xl/src/taskpane/core/parser/template-generator.ts","statementMap":{"0":{"start":{"line":10,"column":0},"end":{"line":10,"column":16}},"1":{"start":{"line":31,"column":0},"end":{"line":31,"column":22}},"2":{"start":{"line":90,"column":0},"end":{"line":90,"column":22}},"3":{"start":{"line":198,"column":0},"end":{"line":198,"column":22}},"4":{"start":{"line":11,"column":4},"end":{"line":24,"column":6}},"5":{"start":{"line":32,"column":11},"end":{"line":83,"column":7}},"6":{"start":{"line":32,"column":41},"end":{"line":83,"column":6}},"7":{"start":{"line":33,"column":14},"end":{"line":33,"column":51}},"8":{"start":{"line":36,"column":14},"end":{"line":36,"column":53}},"9":{"start":{"line":37,"column":8},"end":{"line":37,"column":36}},"10":{"start":{"line":38,"column":8},"end":{"line":38,"column":29}},"11":{"start":{"line":41,"column":14},"end":{"line":46,"column":10}},"12":{"start":{"line":48,"column":43},"end":{"line":48,"column":null}},"13":{"start":{"line":48,"column":29},"end":{"line":48,"column":null}},"14":{"start":{"line":48,"column":19},"end":{"line":48,"column":29}},"15":{"start":{"line":49,"column":16},"end":{"line":49,"column":64}},"16":{"start":{"line":50,"column":12},"end":{"line":50,"column":33}},"17":{"start":{"line":52,"column":12},"end":{"line":53,"column":50}},"18":{"start":{"line":52,"column":38},"end":{"line":52,"column":70}},"19":{"start":{"line":53,"column":19},"end":{"line":53,"column":48}},"20":{"start":{"line":56,"column":18},"end":{"line":56,"column":88}},"21":{"start":{"line":57,"column":12},"end":{"line":57,"column":50}},"22":{"start":{"line":58,"column":12},"end":{"line":58,"column":54}},"23":{"start":{"line":59,"column":12},"end":{"line":59,"column":52}},"24":{"start":{"line":60,"column":12},"end":{"line":60,"column":48}},"25":{"start":{"line":62,"column":12},"end":{"line":65,"column":13}},"26":{"start":{"line":63,"column":22},"end":{"line":63,"column":107}},"27":{"start":{"line":64,"column":16},"end":{"line":64,"column":47}},"28":{"start":{"line":67,"column":12},"end":{"line":67,"column":48}},"29":{"start":{"line":68,"column":12},"end":{"line":68,"column":44}},"30":{"start":{"line":73,"column":14},"end":{"line":73,"column":53}},"31":{"start":{"line":74,"column":8},"end":{"line":74,"column":88}},"32":{"start":{"line":76,"column":8},"end":{"line":76,"column":29}},"33":{"start":{"line":79,"column":8},"end":{"line":79,"column":44}},"34":{"start":{"line":81,"column":8},"end":{"line":81,"column":44}},"35":{"start":{"line":82,"column":8},"end":{"line":82,"column":29}},"36":{"start":{"line":32,"column":4},"end":{"line":83,"column":7}},"37":{"start":{"line":91,"column":11},"end":{"line":93,"column":7}},"38":{"start":{"line":91,"column":41},"end":{"line":93,"column":6}},"39":{"start":{"line":92,"column":8},"end":{"line":92,"column":44}},"40":{"start":{"line":91,"column":4},"end":{"line":93,"column":7}},"41":{"start":{"line":97,"column":10},"end":{"line":97,"column":47}},"42":{"start":{"line":98,"column":10},"end":{"line":98,"column":48}},"43":{"start":{"line":99,"column":10},"end":{"line":99,"column":54}},"44":{"start":{"line":100,"column":4},"end":{"line":100,"column":44}},"45":{"start":{"line":101,"column":4},"end":{"line":101,"column":47}},"46":{"start":{"line":102,"column":4},"end":{"line":102,"column":25}},"47":{"start":{"line":104,"column":4},"end":{"line":106,"column":5}},"48":{"start":{"line":105,"column":8},"end":{"line":105,"column":42}},"49":{"start":{"line":108,"column":4},"end":{"line":110,"column":5}},"50":{"start":{"line":109,"column":8},"end":{"line":109,"column":45}},"51":{"start":{"line":112,"column":10},"end":{"line":112,"column":48}},"52":{"start":{"line":113,"column":4},"end":{"line":113,"column":43}},"53":{"start":{"line":114,"column":4},"end":{"line":114,"column":25}},"54":{"start":{"line":116,"column":10},"end":{"line":116,"column":34}},"55":{"start":{"line":117,"column":10},"end":{"line":117,"column":40}},"56":{"start":{"line":121,"column":4},"end":{"line":130,"column":5}},"57":{"start":{"line":122,"column":14},"end":{"line":122,"column":36}},"58":{"start":{"line":123,"column":8},"end":{"line":125,"column":9}},"59":{"start":{"line":124,"column":12},"end":{"line":124,"column":59}},"60":{"start":{"line":126,"column":14},"end":{"line":126,"column":85}},"61":{"start":{"line":127,"column":8},"end":{"line":127,"column":50}},"62":{"start":{"line":128,"column":8},"end":{"line":128,"column":46}},"63":{"start":{"line":129,"column":8},"end":{"line":129,"column":52}},"64":{"start":{"line":133,"column":13},"end":{"line":133,"column":20}},"65":{"start":{"line":133,"column":20},"end":{"line":133,"column":34}},"66":{"start":{"line":133,"column":32},"end":{"line":133,"column":34}},"67":{"start":{"line":134,"column":14},"end":{"line":134,"column":46}},"68":{"start":{"line":135,"column":8},"end":{"line":135,"column":27}},"69":{"start":{"line":135,"column":18},"end":{"line":135,"column":27}},"70":{"start":{"line":137,"column":12},"end":{"line":137,"column":55}},"71":{"start":{"line":138,"column":8},"end":{"line":138,"column":29}},"72":{"start":{"line":141,"column":8},"end":{"line":168,"column":9}},"73":{"start":{"line":142,"column":12},"end":{"line":142,"column":39}},"74":{"start":{"line":145,"column":18},"end":{"line":145,"column":53}},"75":{"start":{"line":146,"column":12},"end":{"line":146,"column":59}},"76":{"start":{"line":147,"column":12},"end":{"line":147,"column":51}},"77":{"start":{"line":148,"column":12},"end":{"line":148,"column":45}},"78":{"start":{"line":150,"column":12},"end":{"line":150,"column":102}},"79":{"start":{"line":152,"column":18},"end":{"line":152,"column":132}},"80":{"start":{"line":153,"column":18},"end":{"line":153,"column":84}},"81":{"start":{"line":154,"column":12},"end":{"line":154,"column":43}},"82":{"start":{"line":155,"column":12},"end":{"line":155,"column":54}},"83":{"start":{"line":156,"column":12},"end":{"line":156,"column":52}},"84":{"start":{"line":157,"column":12},"end":{"line":157,"column":48}},"85":{"start":{"line":160,"column":12},"end":{"line":160,"column":164}},"86":{"start":{"line":161,"column":12},"end":{"line":161,"column":116}},"87":{"start":{"line":164,"column":12},"end":{"line":164,"column":129}},"88":{"start":{"line":166,"column":12},"end":{"line":166,"column":48}},"89":{"start":{"line":167,"column":12},"end":{"line":167,"column":47}},"90":{"start":{"line":172,"column":14},"end":{"line":172,"column":62}},"91":{"start":{"line":173,"column":8},"end":{"line":173,"column":73}},"92":{"start":{"line":133,"column":34},"end":{"line":133,"column":null}},"93":{"start":{"line":176,"column":10},"end":{"line":176,"column":58}},"94":{"start":{"line":177,"column":4},"end":{"line":190,"column":5}},"95":{"start":{"line":177,"column":15},"end":{"line":177,"column":25}},"96":{"start":{"line":178,"column":14},"end":{"line":178,"column":81}},"97":{"start":{"line":179,"column":8},"end":{"line":179,"column":78}},"98":{"start":{"line":181,"column":8},"end":{"line":183,"column":9}},"99":{"start":{"line":181,"column":19},"end":{"line":181,"column":35}},"100":{"start":{"line":182,"column":12},"end":{"line":182,"column":74}},"101":{"start":{"line":185,"column":8},"end":{"line":187,"column":9}},"102":{"start":{"line":185,"column":19},"end":{"line":185,"column":35}},"103":{"start":{"line":186,"column":12},"end":{"line":186,"column":73}},"104":{"start":{"line":189,"column":8},"end":{"line":189,"column":64}},"105":{"start":{"line":192,"column":4},"end":{"line":192,"column":25}},"106":{"start":{"line":199,"column":11},"end":{"line":204,"column":7}},"107":{"start":{"line":199,"column":41},"end":{"line":204,"column":6}},"108":{"start":{"line":200,"column":14},"end":{"line":200,"column":69}},"109":{"start":{"line":201,"column":8},"end":{"line":201,"column":25}},"110":{"start":{"line":202,"column":8},"end":{"line":202,"column":60}},"111":{"start":{"line":203,"column":8},"end":{"line":203,"column":29}},"112":{"start":{"line":199,"column":4},"end":{"line":204,"column":7}}},"fnMap":{"0":{"name":"getSheetProtectionConfigs","decl":{"start":{"line":10,"column":16},"end":{"line":10,"column":41}},"loc":{"start":{"line":10,"column":41},"end":{"line":25,"column":1}}},"1":{"name":"initializeWorkbook","decl":{"start":{"line":31,"column":22},"end":{"line":31,"column":40}},"loc":{"start":{"line":31,"column":40},"end":{"line":84,"column":null}}},"2":{"name":"(anonymous_17)","decl":{"start":{"line":32,"column":27},"end":{"line":32,"column":34}},"loc":{"start":{"line":32,"column":41},"end":{"line":83,"column":6}}},"3":{"name":"(anonymous_18)","decl":{"start":{"line":32,"column":41},"end":{"line":32,"column":null}},"loc":{"start":{"line":32,"column":41},"end":{"line":83,"column":6}}},"4":{"name":"syncRegistry","decl":{"start":{"line":90,"column":22},"end":{"line":90,"column":34}},"loc":{"start":{"line":90,"column":34},"end":{"line":94,"column":null}}},"5":{"name":"(anonymous_23)","decl":{"start":{"line":91,"column":27},"end":{"line":91,"column":34}},"loc":{"start":{"line":91,"column":41},"end":{"line":93,"column":6}}},"6":{"name":"(anonymous_24)","decl":{"start":{"line":91,"column":41},"end":{"line":91,"column":null}},"loc":{"start":{"line":91,"column":41},"end":{"line":93,"column":6}}},"7":{"name":"syncRegistryInternal","decl":{"start":{"line":96,"column":15},"end":{"line":96,"column":35}},"loc":{"start":{"line":96,"column":65},"end":{"line":193,"column":null}}},"8":{"name":"navigateToSource","decl":{"start":{"line":198,"column":22},"end":{"line":198,"column":38}},"loc":{"start":{"line":198,"column":74},"end":{"line":205,"column":null}}},"9":{"name":"(anonymous_32)","decl":{"start":{"line":199,"column":27},"end":{"line":199,"column":34}},"loc":{"start":{"line":199,"column":41},"end":{"line":204,"column":6}}},"10":{"name":"(anonymous_33)","decl":{"start":{"line":199,"column":41},"end":{"line":199,"column":null}},"loc":{"start":{"line":199,"column":41},"end":{"line":204,"column":6}}}},"branchMap":{"0":{"loc":{"start":{"line":32,"column":11},"end":{"line":83,"column":7}},"type":"switch","locations":[{"start":{"line":32,"column":11},"end":{"line":83,"column":7}},{"start":{"line":32,"column":4},"end":{"line":83,"column":7}}]},"1":{"loc":{"start":{"line":48,"column":29},"end":{"line":48,"column":null}},"type":"if","locations":[{"start":{"line":48,"column":29},"end":{"line":48,"column":null}},{"start":{},"end":{}}]},"2":{"loc":{"start":{"line":52,"column":12},"end":{"line":53,"column":50}},"type":"if","locations":[{"start":{"line":52,"column":12},"end":{"line":53,"column":50}},{"start":{"line":53,"column":17},"end":{"line":53,"column":50}}]},"3":{"loc":{"start":{"line":62,"column":12},"end":{"line":65,"column":13}},"type":"if","locations":[{"start":{"line":62,"column":12},"end":{"line":65,"column":13}},{"start":{},"end":{}}]},"4":{"loc":{"start":{"line":62,"column":16},"end":{"line":62,"column":53}},"type":"binary-expr","locations":[{"start":{"line":62,"column":16},"end":{"line":62,"column":27}},{"start":{"line":62,"column":31},"end":{"line":62,"column":53}}]},"5":{"loc":{"start":{"line":91,"column":11},"end":{"line":93,"column":7}},"type":"switch","locations":[{"start":{"line":91,"column":11},"end":{"line":93,"column":7}},{"start":{"line":91,"column":4},"end":{"line":93,"column":7}}]},"6":{"loc":{"start":{"line":92,"column":8},"end":{"line":92,"column":44}},"type":"switch","locations":[{"start":{"line":92,"column":8},"end":{"line":92,"column":44}}]},"7":{"loc":{"start":{"line":104,"column":4},"end":{"line":106,"column":5}},"type":"if","locations":[{"start":{"line":104,"column":4},"end":{"line":106,"column":5}},{"start":{},"end":{}}]},"8":{"loc":{"start":{"line":108,"column":4},"end":{"line":110,"column":5}},"type":"if","locations":[{"start":{"line":108,"column":4},"end":{"line":110,"column":5}},{"start":{},"end":{}}]},"9":{"loc":{"start":{"line":121,"column":4},"end":{"line":130,"column":5}},"type":"if","locations":[{"start":{"line":121,"column":4},"end":{"line":130,"column":5}},{"start":{},"end":{}}]},"10":{"loc":{"start":{"line":133,"column":20},"end":{"line":133,"column":34}},"type":"if","locations":[{"start":{"line":133,"column":20},"end":{"line":133,"column":34}},{"start":{},"end":{}}]},"11":{"loc":{"start":{"line":135,"column":8},"end":{"line":135,"column":27}},"type":"if","locations":[{"start":{"line":135,"column":8},"end":{"line":135,"column":27}},{"start":{},"end":{}}]},"12":{"loc":{"start":{"line":141,"column":8},"end":{"line":168,"column":9}},"type":"if","locations":[{"start":{"line":141,"column":8},"end":{"line":168,"column":9}},{"start":{},"end":{}}]},"13":{"loc":{"start":{"line":178,"column":22},"end":{"line":178,"column":80}},"type":"cond-expr","locations":[{"start":{"line":178,"column":54},"end":{"line":178,"column":64}},{"start":{"line":178,"column":67},"end":{"line":178,"column":80}}]},"14":{"loc":{"start":{"line":199,"column":11},"end":{"line":204,"column":7}},"type":"switch","locations":[{"start":{"line":199,"column":11},"end":{"line":204,"column":7}},{"start":{"line":199,"column":4},"end":{"line":204,"column":7}}]}},"s":{"0":1,"1":1,"2":1,"3":1,"4":2,"5":0,"6":0,"7":0,"8":0,"9":0,"10":0,"11":0,"12":0,"13":0,"14":0,"15":0,"16":0,"17":0,"18":0,"19":0,"20":0,"21":0,"22":0,"23":0,"24":0,"25":0,"26":0,"27":0,"28":0,"29":0,"30":0,"31":0,"32":0,"33":0,"34":0,"35":0,"36":0,"37":0,"38":0,"39":0,"40":0,"41":0,"42":0,"43":0,"44":0,"45":0,"46":0,"47":0,"48":0,"49":0,"50":0,"51":0,"52":0,"53":0,"54":0,"55":0,"56":0,"57":0,"58":0,"59":0,"60":0,"61":0,"62":0,"63":0,"64":0,"65":0,"66":0,"67":0,"68":0,"69":0,"70":0,"71":0,"72":0,"73":0,"74":0,"75":0,"76":0,"77":0,"78":0,"79":0,"80":0,"81":0,"82":0,"83":0,"84":0,"85":0,"86":0,"87":0,"88":0,"89":0,"90":0,"91":0,"92":0,"93":0,"94":0,"95":0,"96":0,"97":0,"98":0,"99":0,"100":0,"101":0,"102":0,"103":0,"104":0,"105":0,"106":0,"107":0,"108":0,"109":0,"110":0,"111":0,"112":0},"f":{"0":2,"1":0,"2":0,"3":0,"4":0,"5":0,"6":0,"7":0,"8":0,"9":0,"10":0},"b":{"0":[0,0],"1":[0,0],"2":[0,0],"3":[0,0],"4":[0,0],"5":[0,0],"6":[0],"7":[0,0],"8":[0,0],"9":[0,0],"10":[0,0],"11":[0,0],"12":[0,0],"13":[0,0],"14":[0,0]}}
}
