{"/home/runner/work/CRF.xl/CRF.xl/src/taskpane/components/views/dictionary-sidecar-utils.ts": {"path":"/home/runner/work/CRF.xl/CRF.xl/src/taskpane/components/views/dictionary-sidecar-utils.ts","statementMap":{"0":{"start":{"line":8,"column":0},"end":{"line":8,"column":16}},"1":{"start":{"line":34,"column":0},"end":{"line":34,"column":16}},"2":{"start":{"line":12,"column":31},"end":{"line":12,"column":62}},"3":{"start":{"line":14,"column":2},"end":{"line":16,"column":3}},"4":{"start":{"line":15,"column":4},"end":{"line":15,"column":24}},"5":{"start":{"line":18,"column":2},"end":{"line":31,"column":5}},"6":{"start":{"line":19,"column":4},"end":{"line":24,"column":5}},"7":{"start":{"line":23,"column":6},"end":{"line":23,"column":18}},"8":{"start":{"line":26,"column":4},"end":{"line":30,"column":6}},"9":{"start":{"line":28,"column":8},"end":{"line":29,"column":null}},"10":{"start":{"line":34,"column":60},"end":{"line":34,"column":null}},"11":{"start":{"line":35,"column":2},"end":{"line":40,"column":4}},"12":{"start":{"line":38,"column":21},"end":{"line":38,"column":93}}},"fnMap":{"0":{"name":"filterDictionaries","decl":{"start":{"line":8,"column":16},"end":{"line":8,"column":34}},"loc":{"start":{"line":10,"column":20},"end":{"line":32,"column":1}}},"1":{"name":"(anonymous_1)","decl":{"start":{"line":18,"column":29},"end":{"line":18,"column":30}},"loc":{"start":{"line":18,"column":40},"end":{"line":31,"column":3}}},"2":{"name":"(anonymous_2)","decl":{"start":{"line":27,"column":6},"end":{"line":27,"column":7}},"loc":{"start":{"line":27,"column":11},"end":{"line":28,"column":12}}},"3":{"name":"getDictionaryPreview","decl":{"start":{"line":34,"column":16},"end":{"line":34,"column":36}},"loc":{"start":{"line":34,"column":69},"end":{"line":41,"column":1}}},"4":{"name":"(anonymous_4)","decl":{"start":{"line":38,"column":11},"end":{"line":38,"column":12}},"loc":{"start":{"line":38,"column":16},"end":{"line":38,"column":22}}}},"branchMap":{"0":{"loc":{"start":{"line":14,"column":2},"end":{"line":16,"column":3}},"type":"if","locations":[{"start":{"line":14,"column":2},"end":{"line":16,"column":3}},{"start":{},"end":{}}]},"1":{"loc":{"start":{"line":19,"column":4},"end":{"line":24,"column":5}},"type":"if","locations":[{"start":{"line":19,"column":4},"end":{"line":24,"column":5}},{"start":{},"end":{}}]},"2":{"loc":{"start":{"line":20,"column":6},"end":{"line":21,"column":66}},"type":"binary-expr","locations":[{"start":{"line":20,"column":6},"end":{"line":20,"column":64}},{"start":{"line":21,"column":6},"end":{"line":21,"column":66}}]},"3":{"loc":{"start":{"line":28,"column":8},"end":{"line":29,"column":64}},"type":"binary-expr","locations":[{"start":{"line":28,"column":8},"end":{"line":28,"column":68}},{"start":{"line":29,"column":8},"end":{"line":29,"column":64}}]},"4":{"loc":{"start":{"line":34,"column":60},"end":{"line":34,"column":null}},"type":"if","locations":[{"start":{"line":34,"column":60},"end":{"line":34,"column":null}},{"start":{},"end":{}}]},"5":{"loc":{"start":{"line":38,"column":22},"end":{"line":38,"column":91}},"type":"cond-expr","locations":[{"start":{"line":38,"column":36},"end":{"line":38,"column":73}},{"start":{"line":38,"column":76},"end":{"line":38,"column":91}}]}},"s":{"0":1,"1":1,"2":6,"3":6,"4":1,"5":5,"6":10,"7":3,"8":7,"9":20,"10":2,"11":1,"12":3},"f":{"0":6,"1":10,"2":20,"3":1,"4":3},"b":{"0":[1,5],"1":[3,7],"2":[10,9],"3":[20,19],"4":[1,0],"5":[3,0]}}
,"/home/runner/work/CRF.xl/CRF.xl/src/taskpane/core/generators/cdisc/odm-builder.ts": {"path":"/home/runner/work/CRF.xl/CRF.xl/src/taskpane/core/generators/cdisc/odm-builder.ts","statementMap":{"0":{"start":{"line":13,"column":0},"end":{"line":13,"column":16}},"1":{"start":{"line":1,"column":0},"end":{"line":1,"column":null}},"2":{"start":{"line":14,"column":22},"end":{"line":14,"column":46}},"3":{"start":{"line":15,"column":21},"end":{"line":15,"column":35}},"4":{"start":{"line":18,"column":14},"end":{"line":22,"column":null}},"5":{"start":{"line":25,"column":4},"end":{"line":32,"column":87}},"6":{"start":{"line":35,"column":4},"end":{"line":36,"column":18}},"7":{"start":{"line":37,"column":4},"end":{"line":40,"column":7}},"8":{"start":{"line":38,"column":8},"end":{"line":39,"column":111}},"9":{"start":{"line":41,"column":4},"end":{"line":42,"column":19}},"10":{"start":{"line":45,"column":4},"end":{"line":54,"column":7}},"11":{"start":{"line":46,"column":8},"end":{"line":47,"column":140}},"12":{"start":{"line":48,"column":8},"end":{"line":51,"column":11}},"13":{"start":{"line":49,"column":12},"end":{"line":50,"column":125}},"14":{"start":{"line":52,"column":8},"end":{"line":53,"column":24}},"15":{"start":{"line":57,"column":4},"end":{"line":66,"column":7}},"16":{"start":{"line":58,"column":8},"end":{"line":59,"column":119}},"17":{"start":{"line":60,"column":8},"end":{"line":63,"column":11}},"18":{"start":{"line":61,"column":12},"end":{"line":62,"column":109}},"19":{"start":{"line":64,"column":8},"end":{"line":65,"column":18}},"20":{"start":{"line":69,"column":4},"end":{"line":83,"column":7}},"21":{"start":{"line":70,"column":8},"end":{"line":82,"column":11}},"22":{"start":{"line":71,"column":12},"end":{"line":72,"column":124}},"23":{"start":{"line":73,"column":12},"end":{"line":79,"column":15}},"24":{"start":{"line":74,"column":38},"end":{"line":76,"column":24}},"25":{"start":{"line":77,"column":16},"end":{"line":78,"column":151}},"26":{"start":{"line":80,"column":12},"end":{"line":81,"column":23}},"27":{"start":{"line":87,"column":27},"end":{"line":87,"column":44}},"28":{"start":{"line":88,"column":4},"end":{"line":96,"column":7}},"29":{"start":{"line":89,"column":8},"end":{"line":95,"column":11}},"30":{"start":{"line":90,"column":12},"end":{"line":94,"column":15}},"31":{"start":{"line":91,"column":16},"end":{"line":91,"column":61}},"32":{"start":{"line":91,"column":54},"end":{"line":91,"column":61}},"33":{"start":{"line":92,"column":16},"end":{"line":92,"column":49}},"34":{"start":{"line":93,"column":16},"end":{"line":93,"column":43}},"35":{"start":{"line":99,"column":32},"end":{"line":99,"column":49}},"36":{"start":{"line":100,"column":4},"end":{"line":115,"column":7}},"37":{"start":{"line":101,"column":8},"end":{"line":114,"column":11}},"38":{"start":{"line":102,"column":12},"end":{"line":113,"column":15}},"39":{"start":{"line":103,"column":16},"end":{"line":103,"column":41}},"40":{"start":{"line":103,"column":34},"end":{"line":103,"column":41}},"41":{"start":{"line":105,"column":37},"end":{"line":105,"column":59}},"42":{"start":{"line":106,"column":16},"end":{"line":106,"column":66}},"43":{"start":{"line":106,"column":59},"end":{"line":106,"column":66}},"44":{"start":{"line":107,"column":16},"end":{"line":107,"column":54}},"45":{"start":{"line":109,"column":16},"end":{"line":112,"column":23}},"46":{"start":{"line":118,"column":4},"end":{"line":130,"column":7}},"47":{"start":{"line":119,"column":24},"end":{"line":119,"column":53}},"48":{"start":{"line":120,"column":8},"end":{"line":121,"column":100}},"49":{"start":{"line":122,"column":8},"end":{"line":127,"column":11}},"50":{"start":{"line":123,"column":12},"end":{"line":126,"column":25}},"51":{"start":{"line":128,"column":8},"end":{"line":129,"column":19}},"52":{"start":{"line":132,"column":4},"end":{"line":135,"column":8}},"53":{"start":{"line":137,"column":4},"end":{"line":137,"column":15}},"54":{"start":{"line":144,"column":20},"end":{"line":144,"column":51}},"55":{"start":{"line":145,"column":17},"end":{"line":146,"column":90}},"56":{"start":{"line":148,"column":4},"end":{"line":150,"column":5}},"57":{"start":{"line":149,"column":8},"end":{"line":149,"column":80}},"58":{"start":{"line":152,"column":4},"end":{"line":153,"column":66}},"59":{"start":{"line":155,"column":4},"end":{"line":158,"column":5}},"60":{"start":{"line":156,"column":8},"end":{"line":157,"column":57}},"61":{"start":{"line":161,"column":4},"end":{"line":164,"column":5}},"62":{"start":{"line":162,"column":8},"end":{"line":163,"column":96}},"63":{"start":{"line":166,"column":4},"end":{"line":167,"column":18}},"64":{"start":{"line":168,"column":4},"end":{"line":168,"column":18}},"65":{"start":{"line":175,"column":4},"end":{"line":182,"column":5}},"66":{"start":{"line":176,"column":31},"end":{"line":176,"column":48}},"67":{"start":{"line":177,"column":29},"end":{"line":177,"column":44}},"68":{"start":{"line":178,"column":28},"end":{"line":178,"column":42}},"69":{"start":{"line":179,"column":32},"end":{"line":179,"column":50}},"70":{"start":{"line":180,"column":31},"end":{"line":180,"column":48}},"71":{"start":{"line":181,"column":17},"end":{"line":181,"column":31}},"72":{"start":{"line":189,"column":17},"end":{"line":189,"column":19}},"73":{"start":{"line":190,"column":4},"end":{"line":192,"column":7}},"74":{"start":{"line":190,"column":39},"end":{"line":190,"column":41}},"75":{"start":{"line":190,"column":44},"end":{"line":190,"column":45}},"76":{"start":{"line":191,"column":8},"end":{"line":191,"column":100}},"77":{"start":{"line":193,"column":4},"end":{"line":193,"column":18}},"78":{"start":{"line":200,"column":4},"end":{"line":200,"column":27}},"79":{"start":{"line":200,"column":17},"end":{"line":200,"column":27}},"80":{"start":{"line":201,"column":4},"end":{"line":210,"column":7}},"81":{"start":{"line":202,"column":8},"end":{"line":209,"column":9}},"82":{"start":{"line":203,"column":22},"end":{"line":203,"column":36}},"83":{"start":{"line":204,"column":22},"end":{"line":204,"column":36}},"84":{"start":{"line":205,"column":22},"end":{"line":205,"column":37}},"85":{"start":{"line":206,"column":22},"end":{"line":206,"column":38}},"86":{"start":{"line":207,"column":22},"end":{"line":207,"column":38}},"87":{"start":{"line":208,"column":21},"end":{"line":208,"column":30}}},"fnMap":{"0":{"name":"generateOdmXml","decl":{"start":{"line":13,"column":16},"end":{"line":13,"column":30}},"loc":{"start":{"line":13,"column":49},"end":{"line":138,"column":1}}},"1":{"name":"(anonymous_1)","decl":{"start":{"line":37,"column":25},"end":{"line":37,"column":30}},"loc":{"start":{"line":37,"column":30},"end":{"line":40,"column":5}}},"2":{"name":"(anonymous_2)","decl":{"start":{"line":45,"column":25},"end":{"line":45,"column":30}},"loc":{"start":{"line":45,"column":30},"end":{"line":54,"column":5}}},"3":{"name":"(anonymous_3)","decl":{"start":{"line":48,"column":28},"end":{"line":48,"column":32}},"loc":{"start":{"line":48,"column":32},"end":{"line":51,"column":9}}},"4":{"name":"(anonymous_4)","decl":{"start":{"line":57,"column":39},"end":{"line":57,"column":43}},"loc":{"start":{"line":57,"column":43},"end":{"line":66,"column":5}}},"5":{"name":"(anonymous_5)","decl":{"start":{"line":60,"column":32},"end":{"line":60,"column":37}},"loc":{"start":{"line":60,"column":37},"end":{"line":63,"column":9}}},"6":{"name":"(anonymous_6)","decl":{"start":{"line":69,"column":39},"end":{"line":69,"column":43}},"loc":{"start":{"line":69,"column":43},"end":{"line":83,"column":5}}},"7":{"name":"(anonymous_7)","decl":{"start":{"line":70,"column":32},"end":{"line":70,"column":37}},"loc":{"start":{"line":70,"column":37},"end":{"line":82,"column":9}}},"8":{"name":"(anonymous_8)","decl":{"start":{"line":73,"column":32},"end":{"line":73,"column":36}},"loc":{"start":{"line":73,"column":36},"end":{"line":79,"column":13}}},"9":{"name":"(anonymous_9)","decl":{"start":{"line":88,"column":39},"end":{"line":88,"column":43}},"loc":{"start":{"line":88,"column":43},"end":{"line":96,"column":5}}},"10":{"name":"(anonymous_10)","decl":{"start":{"line":89,"column":32},"end":{"line":89,"column":37}},"loc":{"start":{"line":89,"column":37},"end":{"line":95,"column":9}}},"11":{"name":"(anonymous_11)","decl":{"start":{"line":90,"column":32},"end":{"line":90,"column":36}},"loc":{"start":{"line":90,"column":36},"end":{"line":94,"column":13}}},"12":{"name":"(anonymous_12)","decl":{"start":{"line":100,"column":39},"end":{"line":100,"column":43}},"loc":{"start":{"line":100,"column":43},"end":{"line":115,"column":5}}},"13":{"name":"(anonymous_13)","decl":{"start":{"line":101,"column":32},"end":{"line":101,"column":37}},"loc":{"start":{"line":101,"column":37},"end":{"line":114,"column":9}}},"14":{"name":"(anonymous_14)","decl":{"start":{"line":102,"column":32},"end":{"line":102,"column":36}},"loc":{"start":{"line":102,"column":36},"end":{"line":113,"column":13}}},"15":{"name":"(anonymous_15)","decl":{"start":{"line":118,"column":43},"end":{"line":118,"column":45}},"loc":{"start":{"line":118,"column":45},"end":{"line":130,"column":5}}},"16":{"name":"(anonymous_16)","decl":{"start":{"line":122,"column":25},"end":{"line":122,"column":31}},"loc":{"start":{"line":122,"column":31},"end":{"line":127,"column":9}}},"17":{"name":"renderItemDef","decl":{"start":{"line":143,"column":9},"end":{"line":143,"column":22}},"loc":{"start":{"line":143,"column":36},"end":{"line":169,"column":1}}},"18":{"name":"mapDataTypeToOdm","decl":{"start":{"line":174,"column":9},"end":{"line":174,"column":25}},"loc":{"start":{"line":174,"column":40},"end":{"line":183,"column":1}}},"19":{"name":"renderTranslatedText","decl":{"start":{"line":188,"column":9},"end":{"line":188,"column":29}},"loc":{"start":{"line":188,"column":50},"end":{"line":194,"column":1}}},"20":{"name":"(anonymous_20)","decl":{"start":{"line":190,"column":33},"end":{"line":190,"column":34}},"loc":{"start":{"line":190,"column":45},"end":{"line":192,"column":5}}},"21":{"name":"escapeXml","decl":{"start":{"line":199,"column":9},"end":{"line":199,"column":18}},"loc":{"start":{"line":199,"column":33},"end":{"line":211,"column":1}}},"22":{"name":"(anonymous_22)","decl":{"start":{"line":201,"column":38},"end":{"line":201,"column":39}},"loc":{"start":{"line":201,"column":40},"end":{"line":210,"column":5}}}},"branchMap":{"0":{"loc":{"start":{"line":47,"column":90},"end":{"line":47,"column":120}},"type":"binary-expr","locations":[{"start":{"line":47,"column":90},"end":{"line":47,"column":105}},{"start":{"line":47,"column":109},"end":{"line":47,"column":120}}]},"1":{"loc":{"start":{"line":50,"column":90},"end":{"line":50,"column":119}},"type":"cond-expr","locations":[{"start":{"line":50,"column":107},"end":{"line":50,"column":112}},{"start":{"line":50,"column":115},"end":{"line":50,"column":119}}]},"2":{"loc":{"start":{"line":59,"column":85},"end":{"line":59,"column":114}},"type":"cond-expr","locations":[{"start":{"line":59,"column":102},"end":{"line":59,"column":107}},{"start":{"line":59,"column":110},"end":{"line":59,"column":114}}]},"3":{"loc":{"start":{"line":72,"column":89},"end":{"line":72,"column":119}},"type":"cond-expr","locations":[{"start":{"line":72,"column":107},"end":{"line":72,"column":112}},{"start":{"line":72,"column":115},"end":{"line":72,"column":119}}]},"4":{"loc":{"start":{"line":74,"column":38},"end":{"line":76,"column":24}},"type":"cond-expr","locations":[{"start":{"line":75,"column":22},"end":{"line":75,"column":79}},{"start":{"line":76,"column":22},"end":{"line":76,"column":24}}]},"5":{"loc":{"start":{"line":78,"column":90},"end":{"line":78,"column":129}},"type":"cond-expr","locations":[{"start":{"line":78,"column":117},"end":{"line":78,"column":122}},{"start":{"line":78,"column":125},"end":{"line":78,"column":129}}]},"6":{"loc":{"start":{"line":91,"column":16},"end":{"line":91,"column":61}},"type":"if","locations":[{"start":{"line":91,"column":16},"end":{"line":91,"column":61}},{"start":{},"end":{}}]},"7":{"loc":{"start":{"line":103,"column":16},"end":{"line":103,"column":41}},"type":"if","locations":[{"start":{"line":103,"column":16},"end":{"line":103,"column":41}},{"start":{},"end":{}}]},"8":{"loc":{"start":{"line":106,"column":16},"end":{"line":106,"column":66}},"type":"if","locations":[{"start":{"line":106,"column":16},"end":{"line":106,"column":66}},{"start":{},"end":{}}]},"9":{"loc":{"start":{"line":148,"column":4},"end":{"line":150,"column":5}},"type":"if","locations":[{"start":{"line":148,"column":4},"end":{"line":150,"column":5}},{"start":{},"end":{}}]},"10":{"loc":{"start":{"line":148,"column":8},"end":{"line":148,"column":38}},"type":"cond-expr","locations":[{"start":{"line":148,"column":24},"end":{"line":148,"column":26}},{"start":{"line":148,"column":24},"end":{"line":148,"column":38}}]},"11":{"loc":{"start":{"line":148,"column":8},"end":{"line":148,"column":26}},"type":"binary-expr","locations":[{"start":{"line":148,"column":8},"end":{"line":148,"column":26}},{"start":{"line":148,"column":24},"end":{"line":148,"column":26}}]},"12":{"loc":{"start":{"line":155,"column":4},"end":{"line":158,"column":5}},"type":"if","locations":[{"start":{"line":155,"column":4},"end":{"line":158,"column":5}},{"start":{},"end":{}}]},"13":{"loc":{"start":{"line":161,"column":4},"end":{"line":164,"column":5}},"type":"if","locations":[{"start":{"line":161,"column":4},"end":{"line":164,"column":5}},{"start":{},"end":{}}]},"14":{"loc":{"start":{"line":161,"column":8},"end":{"line":161,"column":64}},"type":"binary-expr","locations":[{"start":{"line":161,"column":8},"end":{"line":161,"column":32}},{"start":{"line":161,"column":36},"end":{"line":161,"column":62}}]},"15":{"loc":{"start":{"line":161,"column":8},"end":{"line":161,"column":32}},"type":"cond-expr","locations":[{"start":{"line":161,"column":24},"end":{"line":161,"column":26}},{"start":{"line":161,"column":24},"end":{"line":161,"column":32}}]},"16":{"loc":{"start":{"line":161,"column":8},"end":{"line":161,"column":26}},"type":"binary-expr","locations":[{"start":{"line":161,"column":8},"end":{"line":161,"column":26}},{"start":{"line":161,"column":24},"end":{"line":161,"column":26}}]},"17":{"loc":{"start":{"line":161,"column":36},"end":{"line":161,"column":62}},"type":"cond-expr","locations":[{"start":{"line":161,"column":52},"end":{"line":161,"column":54}},{"start":{"line":161,"column":52},"end":{"line":161,"column":62}}]},"18":{"loc":{"start":{"line":161,"column":36},"end":{"line":161,"column":54}},"type":"binary-expr","locations":[{"start":{"line":161,"column":36},"end":{"line":161,"column":54}},{"start":{"line":161,"column":52},"end":{"line":161,"column":54}}]},"19":{"loc":{"start":{"line":175,"column":4},"end":{"line":182,"column":5}},"type":"switch","locations":[{"start":{"line":176,"column":8},"end":{"line":176,"column":48}},{"start":{"line":177,"column":8},"end":{"line":177,"column":44}},{"start":{"line":178,"column":8},"end":{"line":178,"column":42}},{"start":{"line":179,"column":8},"end":{"line":179,"column":50}},{"start":{"line":180,"column":8},"end":{"line":180,"column":48}},{"start":{"line":181,"column":8},"end":{"line":181,"column":31}}]},"20":{"loc":{"start":{"line":200,"column":4},"end":{"line":200,"column":27}},"type":"if","locations":[{"start":{"line":200,"column":4},"end":{"line":200,"column":27}},{"start":{},"end":{}}]},"21":{"loc":{"start":{"line":202,"column":8},"end":{"line":209,"column":9}},"type":"switch","locations":[{"start":{"line":203,"column":12},"end":{"line":203,"column":36}},{"start":{"line":204,"column":12},"end":{"line":204,"column":36}},{"start":{"line":205,"column":12},"end":{"line":205,"column":37}},{"start":{"line":206,"column":12},"end":{"line":206,"column":38}},{"start":{"line":207,"column":12},"end":{"line":207,"column":38}},{"start":{"line":208,"column":12},"end":{"line":208,"column":30}}]}},"s":{"0":1,"1":1,"2":4,"3":4,"4":4,"5":4,"6":4,"7":4,"8":4,"9":4,"10":4,"11":4,"12":4,"13":4,"14":4,"15":4,"16":4,"17":4,"18":4,"19":4,"20":4,"21":4,"22":4,"23":4,"24":4,"25":4,"26":4,"27":4,"28":4,"29":4,"30":4,"31":4,"32":0,"33":4,"34":4,"35":4,"36":4,"37":4,"38":4,"39":4,"40":0,"41":4,"42":4,"43":0,"44":4,"45":4,"46":4,"47":0,"48":0,"49":0,"50":0,"51":0,"52":4,"53":4,"54":4,"55":4,"56":4,"57":4,"58":4,"59":4,"60":0,"61":4,"62":4,"63":4,"64":4,"65":4,"66":0,"67":4,"68":0,"69":0,"70":0,"71":0,"72":4,"73":4,"74":4,"75":4,"76":4,"77":4,"78":36,"79":0,"80":36,"81":0,"82":0,"83":0,"84":0,"85":0,"86":0,"87":0},"f":{"0":4,"1":4,"2":4,"3":4,"4":4,"5":4,"6":4,"7":4,"8":4,"9":4,"10":4,"11":4,"12":4,"13":4,"14":4,"15":0,"16":0,"17":4,"18":4,"19":4,"20":4,"21":36,"22":0},"b":{"0":[4,0],"1":[4,0],"2":[0,4],"3":[0,4],"4":[4,0],"5":[4,0],"6":[0,4],"7":[0,4],"8":[0,4],"9":[4,0],"10":[0,4],"11":[4,4],"12":[0,4],"13":[4,0],"14":[4,4],"15":[0,4],"16":[4,4],"17":[0,4],"18":[4,4],"19":[0,4,0,0,0,0],"20":[0,36],"21":[0,0,0,0,0,0]}}
,"/home/runner/work/CRF.xl/CRF.xl/src/taskpane/core/parser/template-generator.ts": {"path":"/home/runner/work/CRF.xl/CRF.xl/src/taskpane/core/parser/template-generator.ts","statementMap":{"0":{"start":{"line":9,"column":0},"end":{"line":9,"column":16}},"1":{"start":{"line":28,"column":0},"end":{"line":28,"column":22}},"2":{"start":{"line":87,"column":0},"end":{"line":87,"column":22}},"3":{"start":{"line":194,"column":0},"end":{"line":194,"column":22}},"4":{"start":{"line":10,"column":4},"end":{"line":21,"column":6}},"5":{"start":{"line":29,"column":11},"end":{"line":80,"column":7}},"6":{"start":{"line":29,"column":41},"end":{"line":80,"column":6}},"7":{"start":{"line":30,"column":14},"end":{"line":30,"column":51}},"8":{"start":{"line":33,"column":14},"end":{"line":33,"column":53}},"9":{"start":{"line":34,"column":8},"end":{"line":34,"column":36}},"10":{"start":{"line":35,"column":8},"end":{"line":35,"column":29}},"11":{"start":{"line":38,"column":14},"end":{"line":43,"column":10}},"12":{"start":{"line":45,"column":43},"end":{"line":45,"column":null}},"13":{"start":{"line":45,"column":29},"end":{"line":45,"column":null}},"14":{"start":{"line":45,"column":19},"end":{"line":45,"column":29}},"15":{"start":{"line":46,"column":16},"end":{"line":46,"column":64}},"16":{"start":{"line":47,"column":12},"end":{"line":47,"column":33}},"17":{"start":{"line":49,"column":12},"end":{"line":50,"column":50}},"18":{"start":{"line":49,"column":38},"end":{"line":49,"column":70}},"19":{"start":{"line":50,"column":19},"end":{"line":50,"column":48}},"20":{"start":{"line":53,"column":18},"end":{"line":53,"column":88}},"21":{"start":{"line":54,"column":12},"end":{"line":54,"column":50}},"22":{"start":{"line":55,"column":12},"end":{"line":55,"column":54}},"23":{"start":{"line":56,"column":12},"end":{"line":56,"column":52}},"24":{"start":{"line":57,"column":12},"end":{"line":57,"column":48}},"25":{"start":{"line":59,"column":12},"end":{"line":62,"column":13}},"26":{"start":{"line":60,"column":22},"end":{"line":60,"column":107}},"27":{"start":{"line":61,"column":16},"end":{"line":61,"column":47}},"28":{"start":{"line":64,"column":12},"end":{"line":64,"column":48}},"29":{"start":{"line":65,"column":12},"end":{"line":65,"column":44}},"30":{"start":{"line":70,"column":14},"end":{"line":70,"column":53}},"31":{"start":{"line":71,"column":8},"end":{"line":71,"column":88}},"32":{"start":{"line":73,"column":8},"end":{"line":73,"column":29}},"33":{"start":{"line":76,"column":8},"end":{"line":76,"column":44}},"34":{"start":{"line":78,"column":8},"end":{"line":78,"column":44}},"35":{"start":{"line":79,"column":8},"end":{"line":79,"column":29}},"36":{"start":{"line":29,"column":4},"end":{"line":80,"column":7}},"37":{"start":{"line":88,"column":11},"end":{"line":90,"column":7}},"38":{"start":{"line":88,"column":41},"end":{"line":90,"column":6}},"39":{"start":{"line":89,"column":8},"end":{"line":89,"column":44}},"40":{"start":{"line":88,"column":4},"end":{"line":90,"column":7}},"41":{"start":{"line":94,"column":10},"end":{"line":94,"column":47}},"42":{"start":{"line":95,"column":10},"end":{"line":95,"column":48}},"43":{"start":{"line":96,"column":10},"end":{"line":96,"column":54}},"44":{"start":{"line":97,"column":4},"end":{"line":97,"column":44}},"45":{"start":{"line":98,"column":4},"end":{"line":98,"column":47}},"46":{"start":{"line":99,"column":4},"end":{"line":99,"column":25}},"47":{"start":{"line":101,"column":4},"end":{"line":103,"column":5}},"48":{"start":{"line":102,"column":8},"end":{"line":102,"column":42}},"49":{"start":{"line":105,"column":4},"end":{"line":107,"column":5}},"50":{"start":{"line":106,"column":8},"end":{"line":106,"column":45}},"51":{"start":{"line":109,"column":10},"end":{"line":109,"column":48}},"52":{"start":{"line":110,"column":4},"end":{"line":110,"column":43}},"53":{"start":{"line":111,"column":4},"end":{"line":111,"column":25}},"54":{"start":{"line":113,"column":10},"end":{"line":113,"column":34}},"55":{"start":{"line":114,"column":10},"end":{"line":114,"column":40}},"56":{"start":{"line":118,"column":4},"end":{"line":127,"column":5}},"57":{"start":{"line":119,"column":14},"end":{"line":119,"column":36}},"58":{"start":{"line":120,"column":8},"end":{"line":122,"column":9}},"59":{"start":{"line":121,"column":12},"end":{"line":121,"column":59}},"60":{"start":{"line":123,"column":14},"end":{"line":123,"column":85}},"61":{"start":{"line":124,"column":8},"end":{"line":124,"column":50}},"62":{"start":{"line":125,"column":8},"end":{"line":125,"column":46}},"63":{"start":{"line":126,"column":8},"end":{"line":126,"column":52}},"64":{"start":{"line":130,"column":13},"end":{"line":130,"column":20}},"65":{"start":{"line":130,"column":20},"end":{"line":130,"column":34}},"66":{"start":{"line":130,"column":32},"end":{"line":130,"column":34}},"67":{"start":{"line":131,"column":14},"end":{"line":131,"column":46}},"68":{"start":{"line":132,"column":8},"end":{"line":132,"column":27}},"69":{"start":{"line":132,"column":18},"end":{"line":132,"column":27}},"70":{"start":{"line":134,"column":12},"end":{"line":134,"column":55}},"71":{"start":{"line":135,"column":8},"end":{"line":135,"column":29}},"72":{"start":{"line":138,"column":8},"end":{"line":165,"column":9}},"73":{"start":{"line":139,"column":12},"end":{"line":139,"column":39}},"74":{"start":{"line":142,"column":18},"end":{"line":142,"column":53}},"75":{"start":{"line":143,"column":12},"end":{"line":143,"column":59}},"76":{"start":{"line":144,"column":12},"end":{"line":144,"column":51}},"77":{"start":{"line":145,"column":12},"end":{"line":145,"column":45}},"78":{"start":{"line":147,"column":12},"end":{"line":147,"column":102}},"79":{"start":{"line":149,"column":18},"end":{"line":149,"column":132}},"80":{"start":{"line":150,"column":18},"end":{"line":150,"column":84}},"81":{"start":{"line":151,"column":12},"end":{"line":151,"column":43}},"82":{"start":{"line":152,"column":12},"end":{"line":152,"column":54}},"83":{"start":{"line":153,"column":12},"end":{"line":153,"column":52}},"84":{"start":{"line":154,"column":12},"end":{"line":154,"column":48}},"85":{"start":{"line":157,"column":12},"end":{"line":157,"column":164}},"86":{"start":{"line":158,"column":12},"end":{"line":158,"column":116}},"87":{"start":{"line":161,"column":12},"end":{"line":161,"column":129}},"88":{"start":{"line":163,"column":12},"end":{"line":163,"column":48}},"89":{"start":{"line":164,"column":12},"end":{"line":164,"column":47}},"90":{"start":{"line":169,"column":14},"end":{"line":169,"column":62}},"91":{"start":{"line":170,"column":8},"end":{"line":170,"column":73}},"92":{"start":{"line":130,"column":34},"end":{"line":130,"column":null}},"93":{"start":{"line":173,"column":10},"end":{"line":173,"column":58}},"94":{"start":{"line":174,"column":4},"end":{"line":186,"column":5}},"95":{"start":{"line":174,"column":15},"end":{"line":174,"column":25}},"96":{"start":{"line":175,"column":14},"end":{"line":175,"column":81}},"97":{"start":{"line":177,"column":8},"end":{"line":179,"column":9}},"98":{"start":{"line":177,"column":19},"end":{"line":177,"column":35}},"99":{"start":{"line":178,"column":12},"end":{"line":178,"column":74}},"100":{"start":{"line":181,"column":8},"end":{"line":183,"column":9}},"101":{"start":{"line":181,"column":19},"end":{"line":181,"column":35}},"102":{"start":{"line":182,"column":12},"end":{"line":182,"column":73}},"103":{"start":{"line":185,"column":8},"end":{"line":185,"column":64}},"104":{"start":{"line":188,"column":4},"end":{"line":188,"column":25}},"105":{"start":{"line":195,"column":11},"end":{"line":200,"column":7}},"106":{"start":{"line":195,"column":41},"end":{"line":200,"column":6}},"107":{"start":{"line":196,"column":14},"end":{"line":196,"column":69}},"108":{"start":{"line":197,"column":8},"end":{"line":197,"column":25}},"109":{"start":{"line":198,"column":8},"end":{"line":198,"column":60}},"110":{"start":{"line":199,"column":8},"end":{"line":199,"column":29}},"111":{"start":{"line":195,"column":4},"end":{"line":200,"column":7}}},"fnMap":{"0":{"name":"getSheetProtectionConfigs","decl":{"start":{"line":9,"column":16},"end":{"line":9,"column":41}},"loc":{"start":{"line":9,"column":41},"end":{"line":22,"column":1}}},"1":{"name":"initializeWorkbook","decl":{"start":{"line":28,"column":22},"end":{"line":28,"column":40}},"loc":{"start":{"line":28,"column":40},"end":{"line":81,"column":null}}},"2":{"name":"(anonymous_17)","decl":{"start":{"line":29,"column":27},"end":{"line":29,"column":34}},"loc":{"start":{"line":29,"column":41},"end":{"line":80,"column":6}}},"3":{"name":"(anonymous_18)","decl":{"start":{"line":29,"column":41},"end":{"line":29,"column":null}},"loc":{"start":{"line":29,"column":41},"end":{"line":80,"column":6}}},"4":{"name":"syncRegistry","decl":{"start":{"line":87,"column":22},"end":{"line":87,"column":34}},"loc":{"start":{"line":87,"column":34},"end":{"line":91,"column":null}}},"5":{"name":"(anonymous_23)","decl":{"start":{"line":88,"column":27},"end":{"line":88,"column":34}},"loc":{"start":{"line":88,"column":41},"end":{"line":90,"column":6}}},"6":{"name":"(anonymous_24)","decl":{"start":{"line":88,"column":41},"end":{"line":88,"column":null}},"loc":{"start":{"line":88,"column":41},"end":{"line":90,"column":6}}},"7":{"name":"syncRegistryInternal","decl":{"start":{"line":93,"column":15},"end":{"line":93,"column":35}},"loc":{"start":{"line":93,"column":65},"end":{"line":189,"column":null}}},"8":{"name":"navigateToSource","decl":{"start":{"line":194,"column":22},"end":{"line":194,"column":38}},"loc":{"start":{"line":194,"column":74},"end":{"line":201,"column":null}}},"9":{"name":"(anonymous_32)","decl":{"start":{"line":195,"column":27},"end":{"line":195,"column":34}},"loc":{"start":{"line":195,"column":41},"end":{"line":200,"column":6}}},"10":{"name":"(anonymous_33)","decl":{"start":{"line":195,"column":41},"end":{"line":195,"column":null}},"loc":{"start":{"line":195,"column":41},"end":{"line":200,"column":6}}}},"branchMap":{"0":{"loc":{"start":{"line":29,"column":11},"end":{"line":80,"column":7}},"type":"switch","locations":[{"start":{"line":29,"column":11},"end":{"line":80,"column":7}},{"start":{"line":29,"column":4},"end":{"line":80,"column":7}}]},"1":{"loc":{"start":{"line":45,"column":29},"end":{"line":45,"column":null}},"type":"if","locations":[{"start":{"line":45,"column":29},"end":{"line":45,"column":null}},{"start":{},"end":{}}]},"2":{"loc":{"start":{"line":49,"column":12},"end":{"line":50,"column":50}},"type":"if","locations":[{"start":{"line":49,"column":12},"end":{"line":50,"column":50}},{"start":{"line":50,"column":17},"end":{"line":50,"column":50}}]},"3":{"loc":{"start":{"line":59,"column":12},"end":{"line":62,"column":13}},"type":"if","locations":[{"start":{"line":59,"column":12},"end":{"line":62,"column":13}},{"start":{},"end":{}}]},"4":{"loc":{"start":{"line":59,"column":16},"end":{"line":59,"column":53}},"type":"binary-expr","locations":[{"start":{"line":59,"column":16},"end":{"line":59,"column":27}},{"start":{"line":59,"column":31},"end":{"line":59,"column":53}}]},"5":{"loc":{"start":{"line":88,"column":11},"end":{"line":90,"column":7}},"type":"switch","locations":[{"start":{"line":88,"column":11},"end":{"line":90,"column":7}},{"start":{"line":88,"column":4},"end":{"line":90,"column":7}}]},"6":{"loc":{"start":{"line":89,"column":8},"end":{"line":89,"column":44}},"type":"switch","locations":[{"start":{"line":89,"column":8},"end":{"line":89,"column":44}}]},"7":{"loc":{"start":{"line":101,"column":4},"end":{"line":103,"column":5}},"type":"if","locations":[{"start":{"line":101,"column":4},"end":{"line":103,"column":5}},{"start":{},"end":{}}]},"8":{"loc":{"start":{"line":105,"column":4},"end":{"line":107,"column":5}},"type":"if","locations":[{"start":{"line":105,"column":4},"end":{"line":107,"column":5}},{"start":{},"end":{}}]},"9":{"loc":{"start":{"line":118,"column":4},"end":{"line":127,"column":5}},"type":"if","locations":[{"start":{"line":118,"column":4},"end":{"line":127,"column":5}},{"start":{},"end":{}}]},"10":{"loc":{"start":{"line":130,"column":20},"end":{"line":130,"column":34}},"type":"if","locations":[{"start":{"line":130,"column":20},"end":{"line":130,"column":34}},{"start":{},"end":{}}]},"11":{"loc":{"start":{"line":132,"column":8},"end":{"line":132,"column":27}},"type":"if","locations":[{"start":{"line":132,"column":8},"end":{"line":132,"column":27}},{"start":{},"end":{}}]},"12":{"loc":{"start":{"line":138,"column":8},"end":{"line":165,"column":9}},"type":"if","locations":[{"start":{"line":138,"column":8},"end":{"line":165,"column":9}},{"start":{},"end":{}}]},"13":{"loc":{"start":{"line":175,"column":22},"end":{"line":175,"column":80}},"type":"cond-expr","locations":[{"start":{"line":175,"column":54},"end":{"line":175,"column":64}},{"start":{"line":175,"column":67},"end":{"line":175,"column":80}}]},"14":{"loc":{"start":{"line":195,"column":11},"end":{"line":200,"column":7}},"type":"switch","locations":[{"start":{"line":195,"column":11},"end":{"line":200,"column":7}},{"start":{"line":195,"column":4},"end":{"line":200,"column":7}}]}},"s":{"0":1,"1":1,"2":1,"3":1,"4":2,"5":0,"6":0,"7":0,"8":0,"9":0,"10":0,"11":0,"12":0,"13":0,"14":0,"15":0,"16":0,"17":0,"18":0,"19":0,"20":0,"21":0,"22":0,"23":0,"24":0,"25":0,"26":0,"27":0,"28":0,"29":0,"30":0,"31":0,"32":0,"33":0,"34":0,"35":0,"36":0,"37":0,"38":0,"39":0,"40":0,"41":0,"42":0,"43":0,"44":0,"45":0,"46":0,"47":0,"48":0,"49":0,"50":0,"51":0,"52":0,"53":0,"54":0,"55":0,"56":0,"57":0,"58":0,"59":0,"60":0,"61":0,"62":0,"63":0,"64":0,"65":0,"66":0,"67":0,"68":0,"69":0,"70":0,"71":0,"72":0,"73":0,"74":0,"75":0,"76":0,"77":0,"78":0,"79":0,"80":0,"81":0,"82":0,"83":0,"84":0,"85":0,"86":0,"87":0,"88":0,"89":0,"90":0,"91":0,"92":0,"93":0,"94":0,"95":0,"96":0,"97":0,"98":0,"99":0,"100":0,"101":0,"102":0,"103":0,"104":0,"105":0,"106":0,"107":0,"108":0,"109":0,"110":0,"111":0},"f":{"0":2,"1":0,"2":0,"3":0,"4":0,"5":0,"6":0,"7":0,"8":0,"9":0,"10":0},"b":{"0":[0,0],"1":[0,0],"2":[0,0],"3":[0,0],"4":[0,0],"5":[0,0],"6":[0],"7":[0,0],"8":[0,0],"9":[0,0],"10":[0,0],"11":[0,0],"12":[0,0],"13":[0,0],"14":[0,0]}}
,"/home/runner/work/CRF.xl/CRF.xl/src/taskpane/core/parser/validator.ts": {"path":"/home/runner/work/CRF.xl/CRF.xl/src/taskpane/core/parser/validator.ts","statementMap":{"0":{"start":{"line":11,"column":0},"end":{"line":11,"column":16}},"1":{"start":{"line":12,"column":36},"end":{"line":12,"column":38}},"2":{"start":{"line":15,"column":4},"end":{"line":26,"column":7}},"3":{"start":{"line":16,"column":8},"end":{"line":25,"column":11}},"4":{"start":{"line":17,"column":12},"end":{"line":24,"column":13}},"5":{"start":{"line":18,"column":16},"end":{"line":23,"column":19}},"6":{"start":{"line":29,"column":28},"end":{"line":29,"column":45}},"7":{"start":{"line":31,"column":4},"end":{"line":60,"column":7}},"8":{"start":{"line":32,"column":8},"end":{"line":59,"column":11}},"9":{"start":{"line":33,"column":12},"end":{"line":58,"column":15}},"10":{"start":{"line":34,"column":29},"end":{"line":34,"column":50}},"11":{"start":{"line":35,"column":30},"end":{"line":35,"column":42}},"12":{"start":{"line":38,"column":16},"end":{"line":40,"column":17}},"13":{"start":{"line":39,"column":20},"end":{"line":39,"column":155}},"14":{"start":{"line":43,"column":16},"end":{"line":49,"column":17}},"15":{"start":{"line":44,"column":20},"end":{"line":48,"column":21}},"16":{"start":{"line":45,"column":24},"end":{"line":45,"column":181}},"17":{"start":{"line":46,"column":27},"end":{"line":48,"column":21}},"18":{"start":{"line":47,"column":24},"end":{"line":47,"column":200}},"19":{"start":{"line":52,"column":16},"end":{"line":57,"column":17}},"20":{"start":{"line":53,"column":20},"end":{"line":55,"column":21}},"21":{"start":{"line":54,"column":24},"end":{"line":54,"column":214}},"22":{"start":{"line":56,"column":20},"end":{"line":56,"column":54}},"23":{"start":{"line":64,"column":4},"end":{"line":66,"column":5}},"24":{"start":{"line":65,"column":8},"end":{"line":65,"column":71}},"25":{"start":{"line":65,"column":36},"end":{"line":65,"column":70}},"26":{"start":{"line":68,"column":4},"end":{"line":68,"column":18}}},"fnMap":{"0":{"name":"validateStudyDesign","decl":{"start":{"line":11,"column":16},"end":{"line":11,"column":35}},"loc":{"start":{"line":11,"column":82},"end":{"line":69,"column":1}}},"1":{"name":"(anonymous_1)","decl":{"start":{"line":15,"column":25},"end":{"line":15,"column":30}},"loc":{"start":{"line":15,"column":30},"end":{"line":26,"column":5}}},"2":{"name":"(anonymous_2)","decl":{"start":{"line":16,"column":28},"end":{"line":16,"column":32}},"loc":{"start":{"line":16,"column":32},"end":{"line":25,"column":9}}},"3":{"name":"(anonymous_3)","decl":{"start":{"line":31,"column":39},"end":{"line":31,"column":43}},"loc":{"start":{"line":31,"column":43},"end":{"line":60,"column":5}}},"4":{"name":"(anonymous_4)","decl":{"start":{"line":32,"column":32},"end":{"line":32,"column":37}},"loc":{"start":{"line":32,"column":37},"end":{"line":59,"column":9}}},"5":{"name":"(anonymous_5)","decl":{"start":{"line":33,"column":32},"end":{"line":33,"column":36}},"loc":{"start":{"line":33,"column":36},"end":{"line":58,"column":13}}},"6":{"name":"(anonymous_6)","decl":{"start":{"line":65,"column":31},"end":{"line":65,"column":32}},"loc":{"start":{"line":65,"column":32},"end":{"line":65,"column":37}}}},"branchMap":{"0":{"loc":{"start":{"line":17,"column":12},"end":{"line":24,"column":13}},"type":"if","locations":[{"start":{"line":17,"column":12},"end":{"line":24,"column":13}},{"start":{},"end":{}}]},"1":{"loc":{"start":{"line":38,"column":16},"end":{"line":40,"column":17}},"type":"if","locations":[{"start":{"line":38,"column":16},"end":{"line":40,"column":17}},{"start":{},"end":{}}]},"2":{"loc":{"start":{"line":43,"column":16},"end":{"line":49,"column":17}},"type":"if","locations":[{"start":{"line":43,"column":16},"end":{"line":49,"column":17}},{"start":{},"end":{}}]},"3":{"loc":{"start":{"line":43,"column":20},"end":{"line":43,"column":67}},"type":"binary-expr","locations":[{"start":{"line":43,"column":20},"end":{"line":43,"column":48}},{"start":{"line":43,"column":52},"end":{"line":43,"column":67}}]},"4":{"loc":{"start":{"line":44,"column":20},"end":{"line":48,"column":21}},"type":"if","locations":[{"start":{"line":44,"column":20},"end":{"line":48,"column":21}},{"start":{"line":46,"column":27},"end":{"line":48,"column":21}}]},"5":{"loc":{"start":{"line":46,"column":27},"end":{"line":48,"column":21}},"type":"if","locations":[{"start":{"line":46,"column":27},"end":{"line":48,"column":21}},{"start":{},"end":{}}]},"6":{"loc":{"start":{"line":52,"column":16},"end":{"line":57,"column":17}},"type":"if","locations":[{"start":{"line":52,"column":16},"end":{"line":57,"column":17}},{"start":{},"end":{}}]},"7":{"loc":{"start":{"line":53,"column":20},"end":{"line":55,"column":21}},"type":"if","locations":[{"start":{"line":53,"column":20},"end":{"line":55,"column":21}},{"start":{},"end":{}}]},"8":{"loc":{"start":{"line":64,"column":4},"end":{"line":66,"column":5}},"type":"if","locations":[{"start":{"line":64,"column":4},"end":{"line":66,"column":5}},{"start":{},"end":{}}]},"9":{"loc":{"start":{"line":64,"column":8},"end":{"line":64,"column":63}},"type":"binary-expr","locations":[{"start":{"line":64,"column":8},"end":{"line":64,"column":25}},{"start":{"line":64,"column":29},"end":{"line":64,"column":63}}]}},"s":{"0":1,"1":3,"2":3,"3":3,"4":3,"5":1,"6":3,"7":3,"8":3,"9":3,"10":3,"11":3,"12":3,"13":0,"14":3,"15":1,"16":0,"17":1,"18":1,"19":3,"20":3,"21":0,"22":3,"23":3,"24":0,"25":0,"26":3},"f":{"0":3,"1":3,"2":3,"3":3,"4":3,"5":3,"6":0},"b":{"0":[1,2],"1":[0,3],"2":[1,2],"3":[3,2],"4":[0,1],"5":[1,0],"6":[3,0],"7":[0,3],"8":[0,3],"9":[3,0]}}
,"/home/runner/work/CRF.xl/CRF.xl/src/taskpane/core/types/enums.ts": {"path":"/home/runner/work/CRF.xl/CRF.xl/src/taskpane/core/types/enums.ts","statementMap":{"0":{"start":{"line":8,"column":0},"end":{"line":8,"column":null}},"1":{"start":{"line":9,"column":4},"end":{"line":9,"column":null}},"2":{"start":{"line":10,"column":4},"end":{"line":10,"column":null}},"3":{"start":{"line":11,"column":4},"end":{"line":11,"column":null}},"4":{"start":{"line":12,"column":4},"end":{"line":12,"column":null}},"5":{"start":{"line":13,"column":4},"end":{"line":13,"column":null}},"6":{"start":{"line":14,"column":4},"end":{"line":14,"column":null}},"7":{"start":{"line":15,"column":4},"end":{"line":15,"column":null}},"8":{"start":{"line":16,"column":4},"end":{"line":16,"column":null}},"9":{"start":{"line":17,"column":4},"end":{"line":17,"column":null}},"10":{"start":{"line":18,"column":4},"end":{"line":18,"column":null}},"11":{"start":{"line":19,"column":4},"end":{"line":19,"column":null}},"12":{"start":{"line":20,"column":4},"end":{"line":20,"column":null}},"13":{"start":{"line":21,"column":4},"end":{"line":21,"column":null}},"14":{"start":{"line":24,"column":0},"end":{"line":24,"column":null}},"15":{"start":{"line":25,"column":4},"end":{"line":25,"column":null}},"16":{"start":{"line":26,"column":4},"end":{"line":26,"column":null}},"17":{"start":{"line":27,"column":4},"end":{"line":27,"column":null}},"18":{"start":{"line":28,"column":4},"end":{"line":28,"column":null}},"19":{"start":{"line":29,"column":4},"end":{"line":29,"column":null}},"20":{"start":{"line":30,"column":4},"end":{"line":30,"column":null}},"21":{"start":{"line":31,"column":4},"end":{"line":31,"column":null}},"22":{"start":{"line":32,"column":4},"end":{"line":32,"column":null}},"23":{"start":{"line":35,"column":0},"end":{"line":35,"column":null}},"24":{"start":{"line":36,"column":4},"end":{"line":36,"column":null}},"25":{"start":{"line":37,"column":4},"end":{"line":37,"column":null}},"26":{"start":{"line":38,"column":4},"end":{"line":38,"column":null}},"27":{"start":{"line":41,"column":0},"end":{"line":41,"column":null}},"28":{"start":{"line":42,"column":4},"end":{"line":42,"column":null}},"29":{"start":{"line":43,"column":4},"end":{"line":43,"column":null}},"30":{"start":{"line":44,"column":4},"end":{"line":44,"column":null}},"31":{"start":{"line":47,"column":0},"end":{"line":47,"column":null}},"32":{"start":{"line":48,"column":4},"end":{"line":48,"column":null}},"33":{"start":{"line":49,"column":4},"end":{"line":49,"column":null}},"34":{"start":{"line":52,"column":0},"end":{"line":52,"column":null}},"35":{"start":{"line":53,"column":4},"end":{"line":53,"column":null}},"36":{"start":{"line":54,"column":4},"end":{"line":54,"column":null}},"37":{"start":{"line":55,"column":4},"end":{"line":55,"column":null}},"38":{"start":{"line":58,"column":0},"end":{"line":58,"column":null}},"39":{"start":{"line":59,"column":4},"end":{"line":59,"column":null}},"40":{"start":{"line":60,"column":4},"end":{"line":60,"column":null}},"41":{"start":{"line":61,"column":4},"end":{"line":61,"column":null}},"42":{"start":{"line":64,"column":0},"end":{"line":64,"column":null}},"43":{"start":{"line":65,"column":4},"end":{"line":65,"column":null}},"44":{"start":{"line":66,"column":4},"end":{"line":66,"column":null}},"45":{"start":{"line":67,"column":4},"end":{"line":67,"column":null}},"46":{"start":{"line":70,"column":0},"end":{"line":70,"column":null}},"47":{"start":{"line":71,"column":4},"end":{"line":71,"column":null}},"48":{"start":{"line":72,"column":4},"end":{"line":72,"column":null}},"49":{"start":{"line":75,"column":0},"end":{"line":75,"column":null}},"50":{"start":{"line":76,"column":4},"end":{"line":76,"column":null}},"51":{"start":{"line":77,"column":4},"end":{"line":77,"column":null}},"52":{"start":{"line":78,"column":4},"end":{"line":78,"column":null}},"53":{"start":{"line":81,"column":0},"end":{"line":81,"column":null}},"54":{"start":{"line":82,"column":4},"end":{"line":82,"column":null}},"55":{"start":{"line":83,"column":4},"end":{"line":83,"column":null}},"56":{"start":{"line":86,"column":0},"end":{"line":86,"column":null}},"57":{"start":{"line":87,"column":4},"end":{"line":87,"column":null}},"58":{"start":{"line":88,"column":4},"end":{"line":88,"column":null}},"59":{"start":{"line":89,"column":4},"end":{"line":89,"column":null}},"60":{"start":{"line":90,"column":4},"end":{"line":90,"column":null}},"61":{"start":{"line":91,"column":4},"end":{"line":91,"column":null}},"62":{"start":{"line":92,"column":4},"end":{"line":92,"column":null}},"63":{"start":{"line":95,"column":0},"end":{"line":95,"column":null}},"64":{"start":{"line":96,"column":4},"end":{"line":96,"column":null}},"65":{"start":{"line":97,"column":4},"end":{"line":97,"column":null}},"66":{"start":{"line":98,"column":4},"end":{"line":98,"column":null}},"67":{"start":{"line":101,"column":0},"end":{"line":101,"column":null}},"68":{"start":{"line":102,"column":4},"end":{"line":102,"column":null}},"69":{"start":{"line":103,"column":4},"end":{"line":103,"column":null}},"70":{"start":{"line":104,"column":4},"end":{"line":104,"column":null}},"71":{"start":{"line":105,"column":4},"end":{"line":105,"column":null}},"72":{"start":{"line":108,"column":0},"end":{"line":108,"column":null}},"73":{"start":{"line":109,"column":4},"end":{"line":109,"column":null}},"74":{"start":{"line":110,"column":4},"end":{"line":110,"column":null}},"75":{"start":{"line":111,"column":4},"end":{"line":111,"column":null}},"76":{"start":{"line":114,"column":0},"end":{"line":114,"column":null}},"77":{"start":{"line":115,"column":4},"end":{"line":115,"column":null}},"78":{"start":{"line":116,"column":4},"end":{"line":116,"column":null}},"79":{"start":{"line":117,"column":4},"end":{"line":117,"column":null}},"80":{"start":{"line":120,"column":0},"end":{"line":120,"column":null}},"81":{"start":{"line":121,"column":4},"end":{"line":121,"column":null}},"82":{"start":{"line":122,"column":4},"end":{"line":122,"column":null}},"83":{"start":{"line":125,"column":0},"end":{"line":125,"column":null}},"84":{"start":{"line":126,"column":4},"end":{"line":126,"column":null}},"85":{"start":{"line":127,"column":4},"end":{"line":127,"column":null}},"86":{"start":{"line":128,"column":4},"end":{"line":128,"column":null}},"87":{"start":{"line":129,"column":4},"end":{"line":129,"column":null}},"88":{"start":{"line":132,"column":0},"end":{"line":132,"column":null}},"89":{"start":{"line":133,"column":4},"end":{"line":133,"column":null}},"90":{"start":{"line":134,"column":4},"end":{"line":134,"column":null}},"91":{"start":{"line":135,"column":4},"end":{"line":135,"column":null}},"92":{"start":{"line":136,"column":4},"end":{"line":136,"column":null}},"93":{"start":{"line":137,"column":4},"end":{"line":137,"column":null}},"94":{"start":{"line":140,"column":0},"end":{"line":140,"column":null}},"95":{"start":{"line":141,"column":4},"end":{"line":141,"column":null}},"96":{"start":{"line":142,"column":4},"end":{"line":142,"column":null}},"97":{"start":{"line":145,"column":0},"end":{"line":145,"column":null}},"98":{"start":{"line":146,"column":4},"end":{"line":146,"column":null}},"99":{"start":{"line":147,"column":4},"end":{"line":147,"column":null}},"100":{"start":{"line":148,"column":4},"end":{"line":148,"column":null}},"101":{"start":{"line":149,"column":4},"end":{"line":149,"column":null}},"102":{"start":{"line":150,"column":4},"end":{"line":150,"column":null}},"103":{"start":{"line":151,"column":4},"end":{"line":151,"column":null}}},"fnMap":{"0":{"name":"(anonymous_0)","decl":{"start":{"line":8,"column":0},"end":{"line":8,"column":12}},"loc":{"start":{"line":8,"column":20},"end":{"line":22,"column":1}}},"1":{"name":"(anonymous_1)","decl":{"start":{"line":24,"column":0},"end":{"line":24,"column":12}},"loc":{"start":{"line":24,"column":29},"end":{"line":33,"column":1}}},"2":{"name":"(anonymous_2)","decl":{"start":{"line":35,"column":0},"end":{"line":35,"column":12}},"loc":{"start":{"line":35,"column":23},"end":{"line":39,"column":1}}},"3":{"name":"(anonymous_3)","decl":{"start":{"line":41,"column":0},"end":{"line":41,"column":12}},"loc":{"start":{"line":41,"column":22},"end":{"line":45,"column":1}}},"4":{"name":"(anonymous_4)","decl":{"start":{"line":47,"column":0},"end":{"line":47,"column":12}},"loc":{"start":{"line":47,"column":22},"end":{"line":50,"column":1}}},"5":{"name":"(anonymous_5)","decl":{"start":{"line":52,"column":0},"end":{"line":52,"column":12}},"loc":{"start":{"line":52,"column":21},"end":{"line":56,"column":1}}},"6":{"name":"(anonymous_6)","decl":{"start":{"line":58,"column":0},"end":{"line":58,"column":12}},"loc":{"start":{"line":58,"column":20},"end":{"line":62,"column":1}}},"7":{"name":"(anonymous_7)","decl":{"start":{"line":64,"column":0},"end":{"line":64,"column":12}},"loc":{"start":{"line":64,"column":20},"end":{"line":68,"column":1}}},"8":{"name":"(anonymous_8)","decl":{"start":{"line":70,"column":0},"end":{"line":70,"column":12}},"loc":{"start":{"line":70,"column":26},"end":{"line":73,"column":1}}},"9":{"name":"(anonymous_9)","decl":{"start":{"line":75,"column":0},"end":{"line":75,"column":12}},"loc":{"start":{"line":75,"column":26},"end":{"line":79,"column":1}}},"10":{"name":"(anonymous_10)","decl":{"start":{"line":81,"column":0},"end":{"line":81,"column":12}},"loc":{"start":{"line":81,"column":26},"end":{"line":84,"column":1}}},"11":{"name":"(anonymous_11)","decl":{"start":{"line":86,"column":0},"end":{"line":86,"column":12}},"loc":{"start":{"line":86,"column":22},"end":{"line":93,"column":1}}},"12":{"name":"(anonymous_12)","decl":{"start":{"line":95,"column":0},"end":{"line":95,"column":12}},"loc":{"start":{"line":95,"column":28},"end":{"line":99,"column":1}}},"13":{"name":"(anonymous_13)","decl":{"start":{"line":101,"column":0},"end":{"line":101,"column":12}},"loc":{"start":{"line":101,"column":25},"end":{"line":106,"column":1}}},"14":{"name":"(anonymous_14)","decl":{"start":{"line":108,"column":0},"end":{"line":108,"column":12}},"loc":{"start":{"line":108,"column":28},"end":{"line":112,"column":1}}},"15":{"name":"(anonymous_15)","decl":{"start":{"line":114,"column":0},"end":{"line":114,"column":12}},"loc":{"start":{"line":114,"column":19},"end":{"line":118,"column":1}}},"16":{"name":"(anonymous_16)","decl":{"start":{"line":120,"column":0},"end":{"line":120,"column":12}},"loc":{"start":{"line":120,"column":19},"end":{"line":123,"column":1}}},"17":{"name":"(anonymous_17)","decl":{"start":{"line":125,"column":0},"end":{"line":125,"column":12}},"loc":{"start":{"line":125,"column":29},"end":{"line":130,"column":1}}},"18":{"name":"(anonymous_18)","decl":{"start":{"line":132,"column":0},"end":{"line":132,"column":12}},"loc":{"start":{"line":132,"column":29},"end":{"line":138,"column":1}}},"19":{"name":"(anonymous_19)","decl":{"start":{"line":140,"column":0},"end":{"line":140,"column":12}},"loc":{"start":{"line":140,"column":26},"end":{"line":143,"column":1}}},"20":{"name":"(anonymous_20)","decl":{"start":{"line":145,"column":0},"end":{"line":145,"column":12}},"loc":{"start":{"line":145,"column":30},"end":{"line":152,"column":1}}}},"branchMap":{"0":{"loc":{"start":{"line":8,"column":12},"end":{"line":8,"column":null}},"type":"binary-expr","locations":[{"start":{"line":8,"column":12},"end":{"line":8,"column":20}},{"start":{"line":8,"column":20},"end":{"line":8,"column":null}}]},"1":{"loc":{"start":{"line":24,"column":12},"end":{"line":24,"column":null}},"type":"binary-expr","locations":[{"start":{"line":24,"column":12},"end":{"line":24,"column":29}},{"start":{"line":24,"column":29},"end":{"line":24,"column":null}}]},"2":{"loc":{"start":{"line":35,"column":12},"end":{"line":35,"column":null}},"type":"binary-expr","locations":[{"start":{"line":35,"column":12},"end":{"line":35,"column":23}},{"start":{"line":35,"column":23},"end":{"line":35,"column":null}}]},"3":{"loc":{"start":{"line":41,"column":12},"end":{"line":41,"column":null}},"type":"binary-expr","locations":[{"start":{"line":41,"column":12},"end":{"line":41,"column":22}},{"start":{"line":41,"column":22},"end":{"line":41,"column":null}}]},"4":{"loc":{"start":{"line":47,"column":12},"end":{"line":47,"column":null}},"type":"binary-expr","locations":[{"start":{"line":47,"column":12},"end":{"line":47,"column":22}},{"start":{"line":47,"column":22},"end":{"line":47,"column":null}}]},"5":{"loc":{"start":{"line":52,"column":12},"end":{"line":52,"column":null}},"type":"binary-expr","locations":[{"start":{"line":52,"column":12},"end":{"line":52,"column":21}},{"start":{"line":52,"column":21},"end":{"line":52,"column":null}}]},"6":{"loc":{"start":{"line":58,"column":12},"end":{"line":58,"column":null}},"type":"binary-expr","locations":[{"start":{"line":58,"column":12},"end":{"line":58,"column":20}},{"start":{"line":58,"column":20},"end":{"line":58,"column":null}}]},"7":{"loc":{"start":{"line":64,"column":12},"end":{"line":64,"column":null}},"type":"binary-expr","locations":[{"start":{"line":64,"column":12},"end":{"line":64,"column":20}},{"start":{"line":64,"column":20},"end":{"line":64,"column":null}}]},"8":{"loc":{"start":{"line":70,"column":12},"end":{"line":70,"column":null}},"type":"binary-expr","locations":[{"start":{"line":70,"column":12},"end":{"line":70,"column":26}},{"start":{"line":70,"column":26},"end":{"line":70,"column":null}}]},"9":{"loc":{"start":{"line":75,"column":12},"end":{"line":75,"column":null}},"type":"binary-expr","locations":[{"start":{"line":75,"column":12},"end":{"line":75,"column":26}},{"start":{"line":75,"column":26},"end":{"line":75,"column":null}}]},"10":{"loc":{"start":{"line":81,"column":12},"end":{"line":81,"column":null}},"type":"binary-expr","locations":[{"start":{"line":81,"column":12},"end":{"line":81,"column":26}},{"start":{"line":81,"column":26},"end":{"line":81,"column":null}}]},"11":{"loc":{"start":{"line":86,"column":12},"end":{"line":86,"column":null}},"type":"binary-expr","locations":[{"start":{"line":86,"column":12},"end":{"line":86,"column":22}},{"start":{"line":86,"column":22},"end":{"line":86,"column":null}}]},"12":{"loc":{"start":{"line":95,"column":12},"end":{"line":95,"column":null}},"type":"binary-expr","locations":[{"start":{"line":95,"column":12},"end":{"line":95,"column":28}},{"start":{"line":95,"column":28},"end":{"line":95,"column":null}}]},"13":{"loc":{"start":{"line":101,"column":12},"end":{"line":101,"column":null}},"type":"binary-expr","locations":[{"start":{"line":101,"column":12},"end":{"line":101,"column":25}},{"start":{"line":101,"column":25},"end":{"line":101,"column":null}}]},"14":{"loc":{"start":{"line":108,"column":12},"end":{"line":108,"column":null}},"type":"binary-expr","locations":[{"start":{"line":108,"column":12},"end":{"line":108,"column":28}},{"start":{"line":108,"column":28},"end":{"line":108,"column":null}}]},"15":{"loc":{"start":{"line":114,"column":12},"end":{"line":114,"column":null}},"type":"binary-expr","locations":[{"start":{"line":114,"column":12},"end":{"line":114,"column":19}},{"start":{"line":114,"column":19},"end":{"line":114,"column":null}}]},"16":{"loc":{"start":{"line":120,"column":12},"end":{"line":120,"column":null}},"type":"binary-expr","locations":[{"start":{"line":120,"column":12},"end":{"line":120,"column":19}},{"start":{"line":120,"column":19},"end":{"line":120,"column":null}}]},"17":{"loc":{"start":{"line":125,"column":12},"end":{"line":125,"column":null}},"type":"binary-expr","locations":[{"start":{"line":125,"column":12},"end":{"line":125,"column":29}},{"start":{"line":125,"column":29},"end":{"line":125,"column":null}}]},"18":{"loc":{"start":{"line":132,"column":12},"end":{"line":132,"column":null}},"type":"binary-expr","locations":[{"start":{"line":132,"column":12},"end":{"line":132,"column":29}},{"start":{"line":132,"column":29},"end":{"line":132,"column":null}}]},"19":{"loc":{"start":{"line":140,"column":12},"end":{"line":140,"column":null}},"type":"binary-expr","locations":[{"start":{"line":140,"column":12},"end":{"line":140,"column":26}},{"start":{"line":140,"column":26},"end":{"line":140,"column":null}}]},"20":{"loc":{"start":{"line":145,"column":12},"end":{"line":145,"column":null}},"type":"binary-expr","locations":[{"start":{"line":145,"column":12},"end":{"line":145,"column":30}},{"start":{"line":145,"column":30},"end":{"line":145,"column":null}}]}},"s":{"0":2,"1":2,"2":2,"3":2,"4":2,"5":2,"6":2,"7":2,"8":2,"9":2,"10":2,"11":2,"12":2,"13":2,"14":2,"15":2,"16":2,"17":2,"18":2,"19":2,"20":2,"21":2,"22":2,"23":2,"24":2,"25":2,"26":2,"27":2,"28":2,"29":2,"30":2,"31":2,"32":2,"33":2,"34":2,"35":2,"36":2,"37":2,"38":2,"39":2,"40":2,"41":2,"42":2,"43":2,"44":2,"45":2,"46":2,"47":2,"48":2,"49":2,"50":2,"51":2,"52":2,"53":2,"54":2,"55":2,"56":2,"57":2,"58":2,"59":2,"60":2,"61":2,"62":2,"63":2,"64":2,"65":2,"66":2,"67":2,"68":2,"69":2,"70":2,"71":2,"72":2,"73":2,"74":2,"75":2,"76":2,"77":2,"78":2,"79":2,"80":2,"81":2,"82":2,"83":2,"84":2,"85":2,"86":2,"87":2,"88":2,"89":2,"90":2,"91":2,"92":2,"93":2,"94":2,"95":2,"96":2,"97":2,"98":2,"99":2,"100":2,"101":2,"102":2,"103":2},"f":{"0":2,"1":2,"2":2,"3":2,"4":2,"5":2,"6":2,"7":2,"8":2,"9":2,"10":2,"11":2,"12":2,"13":2,"14":2,"15":2,"16":2,"17":2,"18":2,"19":2,"20":2},"b":{"0":[2,2],"1":[2,2],"2":[2,2],"3":[2,2],"4":[2,2],"5":[2,2],"6":[2,2],"7":[2,2],"8":[2,2],"9":[2,2],"10":[2,2],"11":[2,2],"12":[2,2],"13":[2,2],"14":[2,2],"15":[2,2],"16":[2,2],"17":[2,2],"18":[2,2],"19":[2,2],"20":[2,2]}}
,"/home/runner/work/CRF.xl/CRF.xl/src/taskpane/core/types/index.ts": {"path":"/home/runner/work/CRF.xl/CRF.xl/src/taskpane/core/types/index.ts","statementMap":{"0":{"start":{"line":8,"column":0},"end":{"line":8,"column":24}},"1":{"start":{"line":9,"column":0},"end":{"line":9,"column":25}},"2":{"start":{"line":10,"column":0},"end":{"line":10,"column":21}},"3":{"start":{"line":11,"column":0},"end":{"line":11,"column":27}},"4":{"start":{"line":12,"column":0},"end":{"line":12,"column":29}},"5":{"start":{"line":13,"column":0},"end":{"line":13,"column":28}}},"fnMap":{},"branchMap":{},"s":{"0":2,"1":2,"2":2,"3":2,"4":2,"5":2},"f":{},"b":{}}
}
