TN:
SF:src/taskpane/components/views/dictionary-sidecar-utils.ts
FN:8,filterDictionaries
FN:18,(anonymous_1)
FN:27,(anonymous_2)
FN:34,getDictionaryPreview
FN:38,(anonymous_4)
FNF:5
FNH:5
FNDA:6,filterDictionaries
FNDA:10,(anonymous_1)
FNDA:20,(anonymous_2)
FNDA:1,getDictionaryPreview
FNDA:3,(anonymous_4)
DA:8,1
DA:12,6
DA:14,6
DA:15,1
DA:18,5
DA:19,10
DA:23,3
DA:26,7
DA:28,20
DA:34,2
DA:35,1
DA:38,3
LF:12
LH:12
BRDA:14,0,0,1
BRDA:14,0,1,5
BRDA:19,1,0,3
BRDA:19,1,1,7
BRDA:20,2,0,10
BRDA:20,2,1,9
BRDA:28,3,0,20
BRDA:28,3,1,19
BRDA:34,4,0,1
BRDA:34,4,1,0
BRDA:38,5,0,3
BRDA:38,5,1,0
BRF:12
BRH:10
end_of_record
TN:
SF:src/taskpane/core/generators/cdisc/odm-builder.ts
FN:13,generateOdmXml
FN:37,(anonymous_1)
FN:45,(anonymous_2)
FN:48,(anonymous_3)
FN:57,(anonymous_4)
FN:60,(anonymous_5)
FN:69,(anonymous_6)
FN:70,(anonymous_7)
FN:73,(anonymous_8)
FN:88,(anonymous_9)
FN:89,(anonymous_10)
FN:90,(anonymous_11)
FN:100,(anonymous_12)
FN:101,(anonymous_13)
FN:102,(anonymous_14)
FN:118,(anonymous_15)
FN:122,(anonymous_16)
FN:143,renderItemDef
FN:174,mapDataTypeToOdm
FN:188,renderTranslatedText
FN:190,(anonymous_20)
FN:199,escapeXml
FN:201,(anonymous_22)
FNF:23
FNH:20
FNDA:4,generateOdmXml
FNDA:4,(anonymous_1)
FNDA:4,(anonymous_2)
FNDA:4,(anonymous_3)
FNDA:4,(anonymous_4)
FNDA:4,(anonymous_5)
FNDA:4,(anonymous_6)
FNDA:4,(anonymous_7)
FNDA:4,(anonymous_8)
FNDA:4,(anonymous_9)
FNDA:4,(anonymous_10)
FNDA:4,(anonymous_11)
FNDA:4,(anonymous_12)
FNDA:4,(anonymous_13)
FNDA:4,(anonymous_14)
FNDA:0,(anonymous_15)
FNDA:0,(anonymous_16)
FNDA:4,renderItemDef
FNDA:4,mapDataTypeToOdm
FNDA:4,renderTranslatedText
FNDA:4,(anonymous_20)
FNDA:36,escapeXml
FNDA:0,(anonymous_22)
DA:1,1
DA:13,1
DA:14,4
DA:15,4
DA:18,4
DA:25,4
DA:35,4
DA:37,4
DA:38,4
DA:41,4
DA:45,4
DA:46,4
DA:48,4
DA:49,4
DA:52,4
DA:57,4
DA:58,4
DA:60,4
DA:61,4
DA:64,4
DA:69,4
DA:70,4
DA:71,4
DA:73,4
DA:74,4
DA:77,4
DA:80,4
DA:87,4
DA:88,4
DA:89,4
DA:90,4
DA:91,4
DA:92,4
DA:93,4
DA:99,4
DA:100,4
DA:101,4
DA:102,4
DA:103,4
DA:105,4
DA:106,4
DA:107,4
DA:109,4
DA:118,4
DA:119,0
DA:120,0
DA:122,0
DA:123,0
DA:128,0
DA:132,4
DA:137,4
DA:144,4
DA:145,4
DA:148,4
DA:149,4
DA:152,4
DA:155,4
DA:156,0
DA:161,4
DA:162,4
DA:166,4
DA:168,4
DA:175,4
DA:176,0
DA:177,4
DA:178,0
DA:179,0
DA:180,0
DA:181,0
DA:189,4
DA:190,4
DA:191,4
DA:193,4
DA:200,36
DA:201,36
DA:202,0
DA:203,0
DA:204,0
DA:205,0
DA:206,0
DA:207,0
DA:208,0
LF:82
LH:64
BRDA:47,0,0,4
BRDA:47,0,1,0
BRDA:50,1,0,4
BRDA:50,1,1,0
BRDA:59,2,0,0
BRDA:59,2,1,4
BRDA:72,3,0,0
BRDA:72,3,1,4
BRDA:74,4,0,4
BRDA:74,4,1,0
BRDA:78,5,0,4
BRDA:78,5,1,0
BRDA:91,6,0,0
BRDA:91,6,1,4
BRDA:103,7,0,0
BRDA:103,7,1,4
BRDA:106,8,0,0
BRDA:106,8,1,4
BRDA:148,9,0,4
BRDA:148,9,1,0
BRDA:148,10,0,0
BRDA:148,10,1,4
BRDA:148,11,0,4
BRDA:148,11,1,4
BRDA:155,12,0,0
BRDA:155,12,1,4
BRDA:161,13,0,4
BRDA:161,13,1,0
BRDA:161,14,0,4
BRDA:161,14,1,4
BRDA:161,15,0,0
BRDA:161,15,1,4
BRDA:161,16,0,4
BRDA:161,16,1,4
BRDA:161,17,0,0
BRDA:161,17,1,4
BRDA:161,18,0,4
BRDA:161,18,1,4
BRDA:175,19,0,0
BRDA:175,19,1,4
BRDA:175,19,2,0
BRDA:175,19,3,0
BRDA:175,19,4,0
BRDA:175,19,5,0
BRDA:200,20,0,0
BRDA:200,20,1,36
BRDA:202,21,0,0
BRDA:202,21,1,0
BRDA:202,21,2,0
BRDA:202,21,3,0
BRDA:202,21,4,0
BRDA:202,21,5,0
BRF:52
BRH:25
end_of_record
TN:
SF:src/taskpane/core/parser/template-generator.ts
FN:9,getSheetProtectionConfigs
FN:28,initializeWorkbook
FN:29,(anonymous_17)
FN:29,(anonymous_18)
FN:87,syncRegistry
FN:88,(anonymous_23)
FN:88,(anonymous_24)
FN:93,syncRegistryInternal
FN:194,navigateToSource
FN:195,(anonymous_32)
FN:195,(anonymous_33)
FNF:11
FNH:1
FNDA:2,getSheetProtectionConfigs
FNDA:0,initializeWorkbook
FNDA:0,(anonymous_17)
FNDA:0,(anonymous_18)
FNDA:0,syncRegistry
FNDA:0,(anonymous_23)
FNDA:0,(anonymous_24)
FNDA:0,syncRegistryInternal
FNDA:0,navigateToSource
FNDA:0,(anonymous_32)
FNDA:0,(anonymous_33)
DA:9,1
DA:10,2
DA:28,1
DA:29,0
DA:30,0
DA:33,0
DA:34,0
DA:35,0
DA:38,0
DA:45,0
DA:46,0
DA:47,0
DA:49,0
DA:50,0
DA:53,0
DA:54,0
DA:55,0
DA:56,0
DA:57,0
DA:59,0
DA:60,0
DA:61,0
DA:64,0
DA:65,0
DA:70,0
DA:71,0
DA:73,0
DA:76,0
DA:78,0
DA:79,0
DA:87,1
DA:88,0
DA:89,0
DA:94,0
DA:95,0
DA:96,0
DA:97,0
DA:98,0
DA:99,0
DA:101,0
DA:102,0
DA:105,0
DA:106,0
DA:109,0
DA:110,0
DA:111,0
DA:113,0
DA:114,0
DA:118,0
DA:119,0
DA:120,0
DA:121,0
DA:123,0
DA:124,0
DA:125,0
DA:126,0
DA:130,0
DA:131,0
DA:132,0
DA:134,0
DA:135,0
DA:138,0
DA:139,0
DA:142,0
DA:143,0
DA:144,0
DA:145,0
DA:147,0
DA:149,0
DA:150,0
DA:151,0
DA:152,0
DA:153,0
DA:154,0
DA:157,0
DA:158,0
DA:161,0
DA:163,0
DA:164,0
DA:169,0
DA:170,0
DA:173,0
DA:174,0
DA:175,0
DA:177,0
DA:178,0
DA:181,0
DA:182,0
DA:185,0
DA:188,0
DA:194,1
DA:195,0
DA:196,0
DA:197,0
DA:198,0
DA:199,0
LF:96
LH:5
BRDA:29,0,0,0
BRDA:29,0,1,0
BRDA:45,1,0,0
BRDA:45,1,1,0
BRDA:49,2,0,0
BRDA:49,2,1,0
BRDA:59,3,0,0
BRDA:59,3,1,0
BRDA:59,4,0,0
BRDA:59,4,1,0
BRDA:88,5,0,0
BRDA:88,5,1,0
BRDA:89,6,0,0
BRDA:101,7,0,0
BRDA:101,7,1,0
BRDA:105,8,0,0
BRDA:105,8,1,0
BRDA:118,9,0,0
BRDA:118,9,1,0
BRDA:130,10,0,0
BRDA:130,10,1,0
BRDA:132,11,0,0
BRDA:132,11,1,0
BRDA:138,12,0,0
BRDA:138,12,1,0
BRDA:175,13,0,0
BRDA:175,13,1,0
BRDA:195,14,0,0
BRDA:195,14,1,0
BRF:29
BRH:0
end_of_record
TN:
SF:src/taskpane/core/parser/validator.ts
FN:11,validateStudyDesign
FN:15,(anonymous_1)
FN:16,(anonymous_2)
FN:31,(anonymous_3)
FN:32,(anonymous_4)
FN:33,(anonymous_5)
FN:65,(anonymous_6)
FNF:7
FNH:6
FNDA:3,validateStudyDesign
FNDA:3,(anonymous_1)
FNDA:3,(anonymous_2)
FNDA:3,(anonymous_3)
FNDA:3,(anonymous_4)
FNDA:3,(anonymous_5)
FNDA:0,(anonymous_6)
DA:11,1
DA:12,3
DA:15,3
DA:16,3
DA:17,3
DA:18,1
DA:29,3
DA:31,3
DA:32,3
DA:33,3
DA:34,3
DA:35,3
DA:38,3
DA:39,0
DA:43,3
DA:44,1
DA:45,0
DA:46,1
DA:47,1
DA:52,3
DA:53,3
DA:54,0
DA:56,3
DA:64,3
DA:65,0
DA:68,3
LF:26
LH:22
BRDA:17,0,0,1
BRDA:17,0,1,2
BRDA:38,1,0,0
BRDA:38,1,1,3
BRDA:43,2,0,1
BRDA:43,2,1,2
BRDA:43,3,0,3
BRDA:43,3,1,2
BRDA:44,4,0,0
BRDA:44,4,1,1
BRDA:46,5,0,1
BRDA:46,5,1,0
BRDA:52,6,0,3
BRDA:52,6,1,0
BRDA:53,7,0,0
BRDA:53,7,1,3
BRDA:64,8,0,0
BRDA:64,8,1,3
BRDA:64,9,0,3
BRDA:64,9,1,0
BRF:20
BRH:13
end_of_record
TN:
SF:src/taskpane/core/types/enums.ts
FN:8,(anonymous_0)
FN:24,(anonymous_1)
FN:35,(anonymous_2)
FN:41,(anonymous_3)
FN:47,(anonymous_4)
FN:52,(anonymous_5)
FN:58,(anonymous_6)
FN:64,(anonymous_7)
FN:70,(anonymous_8)
FN:75,(anonymous_9)
FN:81,(anonymous_10)
FN:86,(anonymous_11)
FN:95,(anonymous_12)
FN:101,(anonymous_13)
FN:108,(anonymous_14)
FN:114,(anonymous_15)
FN:120,(anonymous_16)
FN:125,(anonymous_17)
FN:132,(anonymous_18)
FN:140,(anonymous_19)
FN:145,(anonymous_20)
FNF:21
FNH:21
FNDA:2,(anonymous_0)
FNDA:2,(anonymous_1)
FNDA:2,(anonymous_2)
FNDA:2,(anonymous_3)
FNDA:2,(anonymous_4)
FNDA:2,(anonymous_5)
FNDA:2,(anonymous_6)
FNDA:2,(anonymous_7)
FNDA:2,(anonymous_8)
FNDA:2,(anonymous_9)
FNDA:2,(anonymous_10)
FNDA:2,(anonymous_11)
FNDA:2,(anonymous_12)
FNDA:2,(anonymous_13)
FNDA:2,(anonymous_14)
FNDA:2,(anonymous_15)
FNDA:2,(anonymous_16)
FNDA:2,(anonymous_17)
FNDA:2,(anonymous_18)
FNDA:2,(anonymous_19)
FNDA:2,(anonymous_20)
DA:8,2
DA:9,2
DA:10,2
DA:11,2
DA:12,2
DA:13,2
DA:14,2
DA:15,2
DA:16,2
DA:17,2
DA:18,2
DA:19,2
DA:20,2
DA:21,2
DA:24,2
DA:25,2
DA:26,2
DA:27,2
DA:28,2
DA:29,2
DA:30,2
DA:31,2
DA:32,2
DA:35,2
DA:36,2
DA:37,2
DA:38,2
DA:41,2
DA:42,2
DA:43,2
DA:44,2
DA:47,2
DA:48,2
DA:49,2
DA:52,2
DA:53,2
DA:54,2
DA:55,2
DA:58,2
DA:59,2
DA:60,2
DA:61,2
DA:64,2
DA:65,2
DA:66,2
DA:67,2
DA:70,2
DA:71,2
DA:72,2
DA:75,2
DA:76,2
DA:77,2
DA:78,2
DA:81,2
DA:82,2
DA:83,2
DA:86,2
DA:87,2
DA:88,2
DA:89,2
DA:90,2
DA:91,2
DA:92,2
DA:95,2
DA:96,2
DA:97,2
DA:98,2
DA:101,2
DA:102,2
DA:103,2
DA:104,2
DA:105,2
DA:108,2
DA:109,2
DA:110,2
DA:111,2
DA:114,2
DA:115,2
DA:116,2
DA:117,2
DA:120,2
DA:121,2
DA:122,2
DA:125,2
DA:126,2
DA:127,2
DA:128,2
DA:129,2
DA:132,2
DA:133,2
DA:134,2
DA:135,2
DA:136,2
DA:137,2
DA:140,2
DA:141,2
DA:142,2
DA:145,2
DA:146,2
DA:147,2
DA:148,2
DA:149,2
DA:150,2
DA:151,2
LF:104
LH:104
BRDA:8,0,0,2
BRDA:8,0,1,2
BRDA:24,1,0,2
BRDA:24,1,1,2
BRDA:35,2,0,2
BRDA:35,2,1,2
BRDA:41,3,0,2
BRDA:41,3,1,2
BRDA:47,4,0,2
BRDA:47,4,1,2
BRDA:52,5,0,2
BRDA:52,5,1,2
BRDA:58,6,0,2
BRDA:58,6,1,2
BRDA:64,7,0,2
BRDA:64,7,1,2
BRDA:70,8,0,2
BRDA:70,8,1,2
BRDA:75,9,0,2
BRDA:75,9,1,2
BRDA:81,10,0,2
BRDA:81,10,1,2
BRDA:86,11,0,2
BRDA:86,11,1,2
BRDA:95,12,0,2
BRDA:95,12,1,2
BRDA:101,13,0,2
BRDA:101,13,1,2
BRDA:108,14,0,2
BRDA:108,14,1,2
BRDA:114,15,0,2
BRDA:114,15,1,2
BRDA:120,16,0,2
BRDA:120,16,1,2
BRDA:125,17,0,2
BRDA:125,17,1,2
BRDA:132,18,0,2
BRDA:132,18,1,2
BRDA:140,19,0,2
BRDA:140,19,1,2
BRDA:145,20,0,2
BRDA:145,20,1,2
BRF:42
BRH:42
end_of_record
TN:
SF:src/taskpane/core/types/index.ts
FNF:0
FNH:0
DA:8,2
DA:9,2
DA:10,2
DA:11,2
DA:12,2
DA:13,2
LF:6
LH:6
BRF:0
BRH:0
end_of_record
