TN:
SF:src/taskpane/core/parser/template-generator.ts
FN:10,getSheetProtectionConfigs
FN:31,initializeWorkbook
FN:32,(anonymous_17)
FN:32,(anonymous_18)
FN:90,syncRegistry
FN:91,(anonymous_23)
FN:91,(anonymous_24)
FN:96,syncRegistryInternal
FN:198,navigateToSource
FN:199,(anonymous_32)
FN:199,(anonymous_33)
FNF:11
FNH:1
FNDA:2,getSheetProtectionConfigs
FNDA:0,initializeWorkbook
FNDA:0,(anonymous_17)
FNDA:0,(anonymous_18)
FNDA:0,syncRegistry
FNDA:0,(anonymous_23)
FNDA:0,(anonymous_24)
FNDA:0,syncRegistryInternal
FNDA:0,navigateToSource
FNDA:0,(anonymous_32)
FNDA:0,(anonymous_33)
DA:10,1
DA:11,2
DA:31,1
DA:32,0
DA:33,0
DA:36,0
DA:37,0
DA:38,0
DA:41,0
DA:48,0
DA:49,0
DA:50,0
DA:52,0
DA:53,0
DA:56,0
DA:57,0
DA:58,0
DA:59,0
DA:60,0
DA:62,0
DA:63,0
DA:64,0
DA:67,0
DA:68,0
DA:73,0
DA:74,0
DA:76,0
DA:79,0
DA:81,0
DA:82,0
DA:90,1
DA:91,0
DA:92,0
DA:97,0
DA:98,0
DA:99,0
DA:100,0
DA:101,0
DA:102,0
DA:104,0
DA:105,0
DA:108,0
DA:109,0
DA:112,0
DA:113,0
DA:114,0
DA:116,0
DA:117,0
DA:121,0
DA:122,0
DA:123,0
DA:124,0
DA:126,0
DA:127,0
DA:128,0
DA:129,0
DA:133,0
DA:134,0
DA:135,0
DA:137,0
DA:138,0
DA:141,0
DA:142,0
DA:145,0
DA:146,0
DA:147,0
DA:148,0
DA:150,0
DA:152,0
DA:153,0
DA:154,0
DA:155,0
DA:156,0
DA:157,0
DA:160,0
DA:161,0
DA:164,0
DA:166,0
DA:167,0
DA:172,0
DA:173,0
DA:176,0
DA:177,0
DA:178,0
DA:179,0
DA:181,0
DA:182,0
DA:185,0
DA:186,0
DA:189,0
DA:192,0
DA:198,1
DA:199,0
DA:200,0
DA:201,0
DA:202,0
DA:203,0
LF:97
LH:5
BRDA:32,0,0,0
BRDA:32,0,1,0
BRDA:48,1,0,0
BRDA:48,1,1,0
BRDA:52,2,0,0
BRDA:52,2,1,0
BRDA:62,3,0,0
BRDA:62,3,1,0
BRDA:62,4,0,0
BRDA:62,4,1,0
BRDA:91,5,0,0
BRDA:91,5,1,0
BRDA:92,6,0,0
BRDA:104,7,0,0
BRDA:104,7,1,0
BRDA:108,8,0,0
BRDA:108,8,1,0
BRDA:121,9,0,0
BRDA:121,9,1,0
BRDA:133,10,0,0
BRDA:133,10,1,0
BRDA:135,11,0,0
BRDA:135,11,1,0
BRDA:141,12,0,0
BRDA:141,12,1,0
BRDA:178,13,0,0
BRDA:178,13,1,0
BRDA:199,14,0,0
BRDA:199,14,1,0
BRF:29
BRH:0
end_of_record
